This file contains any messages produced by compilers while
running configure, to aid debugging if configure makes a mistake.

It was created by guacamole-server configure 1.4.0, which was
generated by GNU Autoconf 2.71.  Invocation command line was

  $ ./configure --with-init-dir=/etc/init.d

## --------- ##
## Platform. ##
## --------- ##

hostname = thompson
uname -m = aarch64
uname -r = 4.9.140-tegra
uname -s = Linux
uname -v = #1 SMP PREEMPT Mon Dec 9 22:47:42 PST 2019

/usr/bin/uname -p = aarch64
/bin/uname -X     = unknown

/bin/arch              = aarch64
/usr/bin/arch -k       = unknown
/usr/convex/getsysinfo = unknown
/usr/bin/hostinfo      = unknown
/bin/machine           = unknown
/usr/bin/oslevel       = unknown
/bin/universe          = unknown

PATH: /usr/local/sbin/
PATH: /usr/local/bin/
PATH: /usr/sbin/
PATH: /usr/bin/
PATH: /sbin/
PATH: /bin/
PATH: /usr/games/
PATH: /usr/local/games/
PATH: /snap/bin/


## ----------- ##
## Core tests. ##
## ----------- ##

configure:2768: looking for aux files: tap-driver.sh compile config.guess config.sub ltmain.sh missing install-sh
configure:2781:  trying ./build-aux/
configure:2810:   ./build-aux/tap-driver.sh found
configure:2810:   ./build-aux/compile found
configure:2810:   ./build-aux/config.guess found
configure:2810:   ./build-aux/config.sub found
configure:2810:   ./build-aux/ltmain.sh found
configure:2810:   ./build-aux/missing found
configure:2792:   ./build-aux/install-sh found
configure:2940: checking for a BSD-compatible install
configure:3013: result: /usr/bin/install -c
configure:3024: checking whether build environment is sane
configure:3079: result: yes
configure:3236: checking for a race-free mkdir -p
configure:3280: result: /usr/bin/mkdir -p
configure:3287: checking for gawk
configure:3322: result: no
configure:3287: checking for mawk
configure:3308: found /usr/bin/mawk
configure:3319: result: mawk
configure:3330: checking whether make sets $(MAKE)
configure:3353: result: yes
configure:3383: checking whether make supports nested variables
configure:3401: result: yes
configure:3549: checking whether make supports nested variables
configure:3567: result: yes
configure:3612: checking build system type
configure:3627: result: aarch64-unknown-linux-gnu
configure:3647: checking host system type
configure:3661: result: aarch64-unknown-linux-gnu
configure:3702: checking how to print strings
configure:3729: result: printf
configure:3763: checking whether make supports the include directive
configure:3778: make -f confmf.GNU && cat confinc.out
this is the am__doit target
configure:3781: $? = 0
configure:3800: result: yes (GNU style)
configure:3876: checking for gcc
configure:3897: found /usr/bin/gcc
configure:3908: result: gcc
configure:4261: checking for C compiler version
configure:4270: gcc --version >&5
gcc (Ubuntu 9.4.0-1ubuntu1~20.04.1) 9.4.0
Copyright (C) 2019 Free Software Foundation, Inc.
This is free software; see the source for copying conditions.  There is NO
warranty; not even for MERCHANTABILITY or FITNESS FOR A PARTICULAR PURPOSE.

configure:4281: $? = 0
configure:4270: gcc -v >&5
Using built-in specs.
COLLECT_GCC=gcc
COLLECT_LTO_WRAPPER=/usr/lib/gcc/aarch64-linux-gnu/9/lto-wrapper
Target: aarch64-linux-gnu
Configured with: ../src/configure -v --with-pkgversion='Ubuntu 9.4.0-1ubuntu1~20.04.1' --with-bugurl=file:///usr/share/doc/gcc-9/README.Bugs --enable-languages=c,ada,c++,go,d,fortran,objc,obj-c++,gm2 --prefix=/usr --with-gcc-major-version-only --program-suffix=-9 --program-prefix=aarch64-linux-gnu- --enable-shared --enable-linker-build-id --libexecdir=/usr/lib --without-included-gettext --enable-threads=posix --libdir=/usr/lib --enable-nls --enable-clocale=gnu --enable-libstdcxx-debug --enable-libstdcxx-time=yes --with-default-libstdcxx-abi=new --enable-gnu-unique-object --disable-libquadmath --disable-libquadmath-support --enable-plugin --enable-default-pie --with-system-zlib --with-target-system-zlib=auto --enable-objc-gc=auto --enable-multiarch --enable-fix-cortex-a53-843419 --disable-werror --enable-checking=release --build=aarch64-linux-gnu --host=aarch64-linux-gnu --target=aarch64-linux-gnu
Thread model: posix
gcc version 9.4.0 (Ubuntu 9.4.0-1ubuntu1~20.04.1) 
configure:4281: $? = 0
configure:4270: gcc -V >&5
gcc: error: unrecognized command line option '-V'
gcc: fatal error: no input files
compilation terminated.
configure:4281: $? = 1
configure:4270: gcc -qversion >&5
gcc: error: unrecognized command line option '-qversion'; did you mean '--version'?
gcc: fatal error: no input files
compilation terminated.
configure:4281: $? = 1
configure:4270: gcc -version >&5
gcc: error: unrecognized command line option '-version'
gcc: fatal error: no input files
compilation terminated.
configure:4281: $? = 1
configure:4301: checking whether the C compiler works
configure:4323: gcc    conftest.c  >&5
configure:4327: $? = 0
configure:4377: result: yes
configure:4380: checking for C compiler default output file name
configure:4382: result: a.out
configure:4388: checking for suffix of executables
configure:4395: gcc -o conftest    conftest.c  >&5
configure:4399: $? = 0
configure:4422: result: 
configure:4444: checking whether we are cross compiling
configure:4452: gcc -o conftest    conftest.c  >&5
configure:4456: $? = 0
configure:4463: ./conftest
configure:4467: $? = 0
configure:4455: result: no
configure:4460: checking for suffix of object files
configure:4483: gcc -c   conftest.c >&5
configure:4487: $? = 0
configure:4509: result: o
configure:4513: checking whether the compiler supports GNU C
configure:4533: gcc -c   conftest.c >&5
configure:4533: $? = 0
configure:4543: result: yes
configure:4554: checking whether gcc accepts -g
configure:4575: gcc -c -g  conftest.c >&5
configure:4575: $? = 0
configure:4619: result: yes
configure:4639: checking for gcc option to enable C11 features
configure:4654: gcc  -c -g -O2  conftest.c >&5
configure:4654: $? = 0
configure:4672: result: none needed
configure:4788: checking whether gcc understands -c and -o together
configure:4811: gcc -c conftest.c -o conftest2.o
configure:4814: $? = 0
configure:4811: gcc -c conftest.c -o conftest2.o
configure:4814: $? = 0
configure:4826: result: yes
configure:4845: checking dependency style of gcc
configure:4957: result: gcc3
configure:4972: checking for a sed that does not truncate output
configure:5042: result: /usr/bin/sed
configure:5060: checking for grep that handles long lines and -e
configure:5124: result: /usr/bin/grep
configure:5129: checking for egrep
configure:5197: result: /usr/bin/grep -E
configure:5202: checking for fgrep
configure:5270: result: /usr/bin/grep -F
configure:5306: checking for ld used by gcc
configure:5374: result: /usr/bin/ld
configure:5381: checking if the linker (/usr/bin/ld) is GNU ld
configure:5397: result: yes
configure:5409: checking for BSD- or MS-compatible name lister (nm)
configure:5464: result: /usr/bin/nm -B
configure:5604: checking the name lister (/usr/bin/nm -B) interface
configure:5612: gcc -c -g -O2  conftest.c >&5
configure:5615: /usr/bin/nm -B "conftest.o"
configure:5618: output
0000000000000000 B some_variable
configure:5619: result: BSD nm
configure:5622: checking whether ln -s works
configure:5626: result: yes
configure:5634: checking the maximum length of command line arguments
configure:5766: result: 1572864
configure:5814: checking how to convert aarch64-unknown-linux-gnu file names to aarch64-unknown-linux-gnu format
configure:5855: result: func_convert_file_noop
configure:5862: checking how to convert aarch64-unknown-linux-gnu file names to toolchain format
configure:5883: result: func_convert_file_noop
configure:5890: checking for /usr/bin/ld option to reload object files
configure:5898: result: -r
configure:5977: checking for objdump
configure:5998: found /usr/bin/objdump
configure:6009: result: objdump
configure:6041: checking how to recognize dependent libraries
configure:6242: result: pass_all
configure:6332: checking for dlltool
configure:6367: result: no
configure:6397: checking how to associate runtime and link libraries
configure:6425: result: printf %s\n
configure:6491: checking for ar
configure:6512: found /usr/bin/ar
configure:6523: result: ar
configure:6560: checking for archiver @FILE support
configure:6578: gcc -c -g -O2  conftest.c >&5
configure:6578: $? = 0
configure:6582: ar cr libconftest.a @conftest.lst >&5
configure:6585: $? = 0
configure:6590: ar cr libconftest.a @conftest.lst >&5
ar: conftest.o: No such file or directory
configure:6593: $? = 1
configure:6592: result: @
configure:6655: checking for strip
configure:6676: found /usr/bin/strip
configure:6687: result: strip
configure:6764: checking for ranlib
configure:6785: found /usr/bin/ranlib
configure:6796: result: ranlib
configure:6898: checking command to parse /usr/bin/nm -B output from gcc object
configure:7052: gcc -c -g -O2  conftest.c >&5
configure:7055: $? = 0
configure:7059: /usr/bin/nm -B conftest.o | sed -n -e 's/^.*[	 ]\([ABCDGIRSTW][ABCDGIRSTW]*\)[	 ][	 ]*\([_A-Za-z][_A-Za-z0-9]*\)$/\1 \2 \2/p' | sed '/ __gnu_lto/d' > conftest.nm
configure:7125: gcc -o conftest -g -O2   conftest.c conftstm.o >&5
configure:7128: $? = 0
configure:7166: result: ok
configure:7213: checking for sysroot
configure:7244: result: no
configure:7251: checking for a working dd
configure:7295: result: /usr/bin/dd
configure:7299: checking how to truncate binary pipes
configure:7315: result: /usr/bin/dd bs=4096 count=1
configure:7652: checking for mt
configure:7673: found /usr/bin/mt
configure:7684: result: mt
configure:7707: checking if mt is a manifest tool
configure:7714: mt '-?'
configure:7722: result: no
configure:8452: checking for stdio.h
configure:8452: gcc -c -g -O2  conftest.c >&5
configure:8452: $? = 0
configure:8452: result: yes
configure:8452: checking for stdlib.h
configure:8452: gcc -c -g -O2  conftest.c >&5
configure:8452: $? = 0
configure:8452: result: yes
configure:8452: checking for string.h
configure:8452: gcc -c -g -O2  conftest.c >&5
configure:8452: $? = 0
configure:8452: result: yes
configure:8452: checking for inttypes.h
configure:8452: gcc -c -g -O2  conftest.c >&5
configure:8452: $? = 0
configure:8452: result: yes
configure:8452: checking for stdint.h
configure:8452: gcc -c -g -O2  conftest.c >&5
configure:8452: $? = 0
configure:8452: result: yes
configure:8452: checking for strings.h
configure:8452: gcc -c -g -O2  conftest.c >&5
configure:8452: $? = 0
configure:8452: result: yes
configure:8452: checking for sys/stat.h
configure:8452: gcc -c -g -O2  conftest.c >&5
configure:8452: $? = 0
configure:8452: result: yes
configure:8452: checking for sys/types.h
configure:8452: gcc -c -g -O2  conftest.c >&5
configure:8452: $? = 0
configure:8452: result: yes
configure:8452: checking for unistd.h
configure:8452: gcc -c -g -O2  conftest.c >&5
configure:8452: $? = 0
configure:8452: result: yes
configure:8477: checking for dlfcn.h
configure:8477: gcc -c -g -O2  conftest.c >&5
configure:8477: $? = 0
configure:8477: result: yes
configure:8735: checking for objdir
configure:8751: result: .libs
configure:9015: checking if gcc supports -fno-rtti -fno-exceptions
configure:9034: gcc -c -g -O2  -fno-rtti -fno-exceptions conftest.c >&5
cc1: warning: command line option '-fno-rtti' is valid for C++/D/ObjC++ but not for C
configure:9038: $? = 0
configure:9051: result: no
configure:9415: checking for gcc option to produce PIC
configure:9423: result: -fPIC -DPIC
configure:9431: checking if gcc PIC flag -fPIC -DPIC works
configure:9450: gcc -c -g -O2  -fPIC -DPIC -DPIC conftest.c >&5
configure:9454: $? = 0
configure:9467: result: yes
configure:9496: checking if gcc static flag -static works
configure:9525: result: yes
configure:9540: checking if gcc supports -c -o file.o
configure:9562: gcc -c -g -O2  -o out/conftest2.o conftest.c >&5
configure:9566: $? = 0
configure:9588: result: yes
configure:9596: checking if gcc supports -c -o file.o
configure:9644: result: yes
configure:9677: checking whether the gcc linker (/usr/bin/ld) supports shared libraries
configure:10947: result: yes
configure:10984: checking whether -lc should be explicitly linked in
configure:10993: gcc -c -g -O2  conftest.c >&5
configure:10996: $? = 0
configure:11011: gcc -shared  -fPIC -DPIC conftest.o  -v -Wl,-soname -Wl,conftest -o conftest 2\>\&1 \| /usr/bin/grep  -lc  \>/dev/null 2\>\&1
configure:11014: $? = 0
configure:11028: result: no
configure:11188: checking dynamic linker characteristics
configure:11770: gcc -o conftest -g -O2   -Wl,-rpath -Wl,/foo conftest.c  >&5
configure:11770: $? = 0
configure:12021: result: GNU/Linux ld.so
configure:12143: checking how to hardcode library paths into programs
configure:12168: result: immediate
configure:12270: checking for shl_load
configure:12270: gcc -o conftest -g -O2   conftest.c  >&5
/usr/bin/ld: /tmp/ccWSe6Pq.o: in function `main':
/home/iggy/guacamole/guacamole-server-1.4.0/conftest.c:50: undefined reference to `shl_load'
collect2: error: ld returned 1 exit status
configure:12270: $? = 1
configure: failed program was:
| /* confdefs.h */
| #define PACKAGE_NAME "guacamole-server"
| #define PACKAGE_TARNAME "guacamole-server"
| #define PACKAGE_VERSION "1.4.0"
| #define PACKAGE_STRING "guacamole-server 1.4.0"
| #define PACKAGE_BUGREPORT ""
| #define PACKAGE_URL ""
| #define PACKAGE "guacamole-server"
| #define VERSION "1.4.0"
| #define HAVE_STDIO_H 1
| #define HAVE_STDLIB_H 1
| #define HAVE_STRING_H 1
| #define HAVE_INTTYPES_H 1
| #define HAVE_STDINT_H 1
| #define HAVE_STRINGS_H 1
| #define HAVE_SYS_STAT_H 1
| #define HAVE_SYS_TYPES_H 1
| #define HAVE_UNISTD_H 1
| #define STDC_HEADERS 1
| #define HAVE_DLFCN_H 1
| #define LT_OBJDIR ".libs/"
| /* end confdefs.h.  */
| /* Define shl_load to an innocuous variant, in case <limits.h> declares shl_load.
|    For example, HP-UX 11i <limits.h> declares gettimeofday.  */
| #define shl_load innocuous_shl_load
| 
| /* System header to define __stub macros and hopefully few prototypes,
|    which can conflict with char shl_load (); below.  */
| 
| #include <limits.h>
| #undef shl_load
| 
| /* Override any GCC internal prototype to avoid an error.
|    Use char because int might match the return type of a GCC
|    builtin and then its argument prototype would still apply.  */
| #ifdef __cplusplus
| extern "C"
| #endif
| char shl_load ();
| /* The GNU C library defines this for functions which it implements
|     to always fail with ENOSYS.  Some functions are actually named
|     something starting with __ and the normal name is an alias.  */
| #if defined __stub_shl_load || defined __stub___shl_load
| choke me
| #endif
| 
| int
| main (void)
| {
| return shl_load ();
|   ;
|   return 0;
| }
configure:12270: result: no
configure:12275: checking for shl_load in -ldld
configure:12298: gcc -o conftest -g -O2   conftest.c -ldld   >&5
/usr/bin/ld: cannot find -ldld
collect2: error: ld returned 1 exit status
configure:12298: $? = 1
configure: failed program was:
| /* confdefs.h */
| #define PACKAGE_NAME "guacamole-server"
| #define PACKAGE_TARNAME "guacamole-server"
| #define PACKAGE_VERSION "1.4.0"
| #define PACKAGE_STRING "guacamole-server 1.4.0"
| #define PACKAGE_BUGREPORT ""
| #define PACKAGE_URL ""
| #define PACKAGE "guacamole-server"
| #define VERSION "1.4.0"
| #define HAVE_STDIO_H 1
| #define HAVE_STDLIB_H 1
| #define HAVE_STRING_H 1
| #define HAVE_INTTYPES_H 1
| #define HAVE_STDINT_H 1
| #define HAVE_STRINGS_H 1
| #define HAVE_SYS_STAT_H 1
| #define HAVE_SYS_TYPES_H 1
| #define HAVE_UNISTD_H 1
| #define STDC_HEADERS 1
| #define HAVE_DLFCN_H 1
| #define LT_OBJDIR ".libs/"
| /* end confdefs.h.  */
| 
| /* Override any GCC internal prototype to avoid an error.
|    Use char because int might match the return type of a GCC
|    builtin and then its argument prototype would still apply.  */
| char shl_load ();
| int
| main (void)
| {
| return shl_load ();
|   ;
|   return 0;
| }
configure:12308: result: no
configure:12314: checking for dlopen
configure:12314: gcc -o conftest -g -O2   conftest.c  >&5
/usr/bin/ld: /tmp/ccqFoN5z.o: in function `main':
/home/iggy/guacamole/guacamole-server-1.4.0/conftest.c:50: undefined reference to `dlopen'
collect2: error: ld returned 1 exit status
configure:12314: $? = 1
configure: failed program was:
| /* confdefs.h */
| #define PACKAGE_NAME "guacamole-server"
| #define PACKAGE_TARNAME "guacamole-server"
| #define PACKAGE_VERSION "1.4.0"
| #define PACKAGE_STRING "guacamole-server 1.4.0"
| #define PACKAGE_BUGREPORT ""
| #define PACKAGE_URL ""
| #define PACKAGE "guacamole-server"
| #define VERSION "1.4.0"
| #define HAVE_STDIO_H 1
| #define HAVE_STDLIB_H 1
| #define HAVE_STRING_H 1
| #define HAVE_INTTYPES_H 1
| #define HAVE_STDINT_H 1
| #define HAVE_STRINGS_H 1
| #define HAVE_SYS_STAT_H 1
| #define HAVE_SYS_TYPES_H 1
| #define HAVE_UNISTD_H 1
| #define STDC_HEADERS 1
| #define HAVE_DLFCN_H 1
| #define LT_OBJDIR ".libs/"
| /* end confdefs.h.  */
| /* Define dlopen to an innocuous variant, in case <limits.h> declares dlopen.
|    For example, HP-UX 11i <limits.h> declares gettimeofday.  */
| #define dlopen innocuous_dlopen
| 
| /* System header to define __stub macros and hopefully few prototypes,
|    which can conflict with char dlopen (); below.  */
| 
| #include <limits.h>
| #undef dlopen
| 
| /* Override any GCC internal prototype to avoid an error.
|    Use char because int might match the return type of a GCC
|    builtin and then its argument prototype would still apply.  */
| #ifdef __cplusplus
| extern "C"
| #endif
| char dlopen ();
| /* The GNU C library defines this for functions which it implements
|     to always fail with ENOSYS.  Some functions are actually named
|     something starting with __ and the normal name is an alias.  */
| #if defined __stub_dlopen || defined __stub___dlopen
| choke me
| #endif
| 
| int
| main (void)
| {
| return dlopen ();
|   ;
|   return 0;
| }
configure:12314: result: no
configure:12319: checking for dlopen in -ldl
configure:12342: gcc -o conftest -g -O2   conftest.c -ldl   >&5
configure:12342: $? = 0
configure:12352: result: yes
configure:12472: checking whether a program can dlopen itself
configure:12553: gcc -o conftest -g -O2  -DHAVE_DLFCN_H  -Wl,--export-dynamic conftest.c -ldl  >&5
configure:12556: $? = 0
configure:12574: result: yes
configure:12579: checking whether a statically linked program can dlopen itself
configure:12660: gcc -o conftest -g -O2  -DHAVE_DLFCN_H  -Wl,--export-dynamic -static conftest.c -ldl  >&5
/usr/bin/ld: /tmp/cc6Pj6G4.o: in function `main':
/home/iggy/guacamole/guacamole-server-1.4.0/configure:12639: warning: Using 'dlopen' in statically linked applications requires at runtime the shared libraries from the glibc version used for linking
configure:12663: $? = 0
conftest: undefined symbol: _fnord
configure:12681: result: no
configure:12720: checking whether stripping libraries is possible
configure:12725: result: yes
configure:12760: checking if libtool supports shared libraries
configure:12762: result: yes
configure:12765: checking whether to build shared libraries
configure:12790: result: yes
configure:12793: checking whether to build static libraries
configure:12797: result: yes
configure:9657: checking for gcc
configure:9689: result: gcc
configure:10042: checking for C compiler version
configure:10051: gcc --version >&5
gcc (Ubuntu 9.4.0-1ubuntu1~20.04.1) 9.4.0
Copyright (C) 2019 Free Software Foundation, Inc.
This is free software; see the source for copying conditions.  There is NO
warranty; not even for MERCHANTABILITY or FITNESS FOR A PARTICULAR PURPOSE.

configure:10062: $? = 0
configure:10051: gcc -v >&5
Using built-in specs.
COLLECT_GCC=gcc
COLLECT_LTO_WRAPPER=/usr/lib/gcc/aarch64-linux-gnu/9/lto-wrapper
Target: aarch64-linux-gnu
Configured with: ../src/configure -v --with-pkgversion='Ubuntu 9.4.0-1ubuntu1~20.04.1' --with-bugurl=file:///usr/share/doc/gcc-9/README.Bugs --enable-languages=c,ada,c++,go,d,fortran,objc,obj-c++,gm2 --prefix=/usr --with-gcc-major-version-only --program-suffix=-9 --program-prefix=aarch64-linux-gnu- --enable-shared --enable-linker-build-id --libexecdir=/usr/lib --without-included-gettext --enable-threads=posix --libdir=/usr/lib --enable-nls --enable-clocale=gnu --enable-libstdcxx-debug --enable-libstdcxx-time=yes --with-default-libstdcxx-abi=new --enable-gnu-unique-object --disable-libquadmath --disable-libquadmath-support --enable-plugin --enable-default-pie --with-system-zlib --with-target-system-zlib=auto --enable-objc-gc=auto --enable-multiarch --enable-fix-cortex-a53-843419 --disable-werror --enable-checking=release --build=aarch64-linux-gnu --host=aarch64-linux-gnu --target=aarch64-linux-gnu
Thread model: posix
gcc version 9.4.0 (Ubuntu 9.4.0-1ubuntu1~20.04.1) 
configure:10062: $? = 0
configure:10051: gcc -V >&5
gcc: error: unrecognized command line option '-V'
gcc: fatal error: no input files
compilation terminated.
configure:10062: $? = 1
configure:10051: gcc -qversion >&5
gcc: error: unrecognized command line option '-qversion'; did you mean '--version'?
gcc: fatal error: no input files
compilation terminated.
configure:10062: $? = 1
configure:10051: gcc -version >&5
gcc: error: unrecognized command line option '-version'
gcc: fatal error: no input files
compilation terminated.
configure:10062: $? = 1
configure:10066: checking whether the compiler supports GNU C
configure:10096: result: yes
configure:10107: checking whether gcc accepts -g
configure:10172: result: yes
configure:10192: checking for gcc option to enable C11 features
configure:10225: result: none needed
configure:10341: checking whether gcc understands -c and -o together
configure:10379: result: yes
configure:10398: checking dependency style of gcc
configure:10510: result: gcc3
configure:10529: checking for fcntl.h
configure:10529: gcc -c -g -O2  conftest.c >&5
configure:10529: $? = 0
configure:10529: result: yes
configure:10535: checking for stdlib.h
configure:10535: result: yes
configure:10541: checking for string.h
configure:10541: result: yes
configure:10547: checking for sys/socket.h
configure:10547: gcc -c -g -O2  conftest.c >&5
configure:10547: $? = 0
configure:10547: result: yes
configure:10553: checking for time.h
configure:10553: gcc -c -g -O2  conftest.c >&5
configure:10553: $? = 0
configure:10553: result: yes
configure:10559: checking for sys/time.h
configure:10559: gcc -c -g -O2  conftest.c >&5
configure:10559: $? = 0
configure:10559: result: yes
configure:10565: checking for syslog.h
configure:10565: gcc -c -g -O2  conftest.c >&5
configure:10565: $? = 0
configure:10565: result: yes
configure:10571: checking for unistd.h
configure:10571: result: yes
configure:10577: checking for cairo/cairo.h
configure:10577: gcc -c -g -O2  conftest.c >&5
configure:10577: $? = 0
configure:10577: result: yes
configure:10583: checking for pngstruct.h
configure:10583: gcc -c -g -O2  conftest.c >&5
conftest.c:60:10: fatal error: pngstruct.h: No such file or directory
   60 | #include <pngstruct.h>
      |          ^~~~~~~~~~~~~
compilation terminated.
configure:10583: $? = 1
configure: failed program was:
| /* confdefs.h */
| #define PACKAGE_NAME "guacamole-server"
| #define PACKAGE_TARNAME "guacamole-server"
| #define PACKAGE_VERSION "1.4.0"
| #define PACKAGE_STRING "guacamole-server 1.4.0"
| #define PACKAGE_BUGREPORT ""
| #define PACKAGE_URL ""
| #define PACKAGE "guacamole-server"
| #define VERSION "1.4.0"
| #define HAVE_STDIO_H 1
| #define HAVE_STDLIB_H 1
| #define HAVE_STRING_H 1
| #define HAVE_INTTYPES_H 1
| #define HAVE_STDINT_H 1
| #define HAVE_STRINGS_H 1
| #define HAVE_SYS_STAT_H 1
| #define HAVE_SYS_TYPES_H 1
| #define HAVE_UNISTD_H 1
| #define STDC_HEADERS 1
| #define HAVE_DLFCN_H 1
| #define LT_OBJDIR ".libs/"
| #define HAVE_FCNTL_H 1
| #define HAVE_STDLIB_H 1
| #define HAVE_STRING_H 1
| #define HAVE_SYS_SOCKET_H 1
| #define HAVE_TIME_H 1
| #define HAVE_SYS_TIME_H 1
| #define HAVE_SYSLOG_H 1
| #define HAVE_UNISTD_H 1
| #define HAVE_CAIRO_CAIRO_H 1
| /* end confdefs.h.  */
| #include <stddef.h>
| #ifdef HAVE_STDIO_H
| # include <stdio.h>
| #endif
| #ifdef HAVE_STDLIB_H
| # include <stdlib.h>
| #endif
| #ifdef HAVE_STRING_H
| # include <string.h>
| #endif
| #ifdef HAVE_INTTYPES_H
| # include <inttypes.h>
| #endif
| #ifdef HAVE_STDINT_H
| # include <stdint.h>
| #endif
| #ifdef HAVE_STRINGS_H
| # include <strings.h>
| #endif
| #ifdef HAVE_SYS_TYPES_H
| # include <sys/types.h>
| #endif
| #ifdef HAVE_SYS_STAT_H
| # include <sys/stat.h>
| #endif
| #ifdef HAVE_UNISTD_H
| # include <unistd.h>
| #endif
| #include <pngstruct.h>
configure:10583: result: no
configure:10600: checking for gcc options needed to detect all undeclared functions
configure:10622: gcc -c -g -O2   conftest.c >&5
conftest.c: In function 'main':
conftest.c:38:8: error: 'strchr' undeclared (first use in this function)
   38 | (void) strchr;
      |        ^~~~~~
conftest.c:1:1: note: 'strchr' is defined in header '<string.h>'; did you forget to '#include <string.h>'?
    1 | /* confdefs.h */
conftest.c:38:8: note: each undeclared identifier is reported only once for each function it appears in
   38 | (void) strchr;
      |        ^~~~~~
configure:10622: $? = 1
configure: failed program was:
| /* confdefs.h */
| #define PACKAGE_NAME "guacamole-server"
| #define PACKAGE_TARNAME "guacamole-server"
| #define PACKAGE_VERSION "1.4.0"
| #define PACKAGE_STRING "guacamole-server 1.4.0"
| #define PACKAGE_BUGREPORT ""
| #define PACKAGE_URL ""
| #define PACKAGE "guacamole-server"
| #define VERSION "1.4.0"
| #define HAVE_STDIO_H 1
| #define HAVE_STDLIB_H 1
| #define HAVE_STRING_H 1
| #define HAVE_INTTYPES_H 1
| #define HAVE_STDINT_H 1
| #define HAVE_STRINGS_H 1
| #define HAVE_SYS_STAT_H 1
| #define HAVE_SYS_TYPES_H 1
| #define HAVE_UNISTD_H 1
| #define STDC_HEADERS 1
| #define HAVE_DLFCN_H 1
| #define LT_OBJDIR ".libs/"
| #define HAVE_FCNTL_H 1
| #define HAVE_STDLIB_H 1
| #define HAVE_STRING_H 1
| #define HAVE_SYS_SOCKET_H 1
| #define HAVE_TIME_H 1
| #define HAVE_SYS_TIME_H 1
| #define HAVE_SYSLOG_H 1
| #define HAVE_UNISTD_H 1
| #define HAVE_CAIRO_CAIRO_H 1
| #define _XOPEN_SOURCE 700
| #define __BSD_VISIBLE 1
| /* end confdefs.h.  */
| 
| int
| main (void)
| {
| (void) strchr;
|   ;
|   return 0;
| }
configure:10649: gcc -c -g -O2   conftest.c >&5
configure:10649: $? = 0
configure:10666: result: none needed
configure:10680: checking for cos in -lm
configure:10703: gcc -o conftest -g -O2   conftest.c -lm   >&5
conftest.c:38:6: warning: conflicting types for built-in function 'cos'; expected 'double(double)' [-Wbuiltin-declaration-mismatch]
   38 | char cos ();
      |      ^~~
conftest.c:1:1: note: 'cos' is declared in header '<math.h>'
    1 | /* confdefs.h */
configure:10703: $? = 0
configure:10713: result: yes
configure:10731: checking for png_write_png in -lpng
configure:10754: gcc -o conftest -g -O2   conftest.c -lpng   >&5
configure:10754: $? = 0
configure:10764: result: yes
configure:10775: checking for jpeg_start_compress in -ljpeg
configure:10798: gcc -o conftest -g -O2   conftest.c -ljpeg   >&5
configure:10798: $? = 0
configure:10808: result: yes
configure:10819: checking for cairo_create in -lcairo
configure:10842: gcc -o conftest -g -O2   conftest.c -lcairo   >&5
configure:10842: $? = 0
configure:10852: result: yes
configure:10863: checking for pthread_create in -lpthread
configure:10886: gcc -o conftest -g -O2   conftest.c -lpthread   >&5
configure:10886: $? = 0
configure:10896: result: yes
configure:10908: checking for dlopen in -ldl
configure:10941: result: yes
configure:10976: checking for uuid_generate in -luuid
configure:10999: gcc -o conftest -g -O2   conftest.c -luuid   >&5
configure:10999: $? = 0
configure:11009: result: yes
configure:11140: checking for CU_run_test in -lcunit
configure:11163: gcc -o conftest -g -O2   conftest.c -lcunit   >&5
/usr/bin/ld: cannot find -lcunit
collect2: error: ld returned 1 exit status
configure:11163: $? = 1
configure: failed program was:
| /* confdefs.h */
| #define PACKAGE_NAME "guacamole-server"
| #define PACKAGE_TARNAME "guacamole-server"
| #define PACKAGE_VERSION "1.4.0"
| #define PACKAGE_STRING "guacamole-server 1.4.0"
| #define PACKAGE_BUGREPORT ""
| #define PACKAGE_URL ""
| #define PACKAGE "guacamole-server"
| #define VERSION "1.4.0"
| #define HAVE_STDIO_H 1
| #define HAVE_STDLIB_H 1
| #define HAVE_STRING_H 1
| #define HAVE_INTTYPES_H 1
| #define HAVE_STDINT_H 1
| #define HAVE_STRINGS_H 1
| #define HAVE_SYS_STAT_H 1
| #define HAVE_SYS_TYPES_H 1
| #define HAVE_UNISTD_H 1
| #define STDC_HEADERS 1
| #define HAVE_DLFCN_H 1
| #define LT_OBJDIR ".libs/"
| #define HAVE_FCNTL_H 1
| #define HAVE_STDLIB_H 1
| #define HAVE_STRING_H 1
| #define HAVE_SYS_SOCKET_H 1
| #define HAVE_TIME_H 1
| #define HAVE_SYS_TIME_H 1
| #define HAVE_SYSLOG_H 1
| #define HAVE_UNISTD_H 1
| #define HAVE_CAIRO_CAIRO_H 1
| #define _XOPEN_SOURCE 700
| #define __BSD_VISIBLE 1
| #define HAVE_LIBPTHREAD /**/
| #define HAVE_LIBUUID /**/
| /* end confdefs.h.  */
| 
| /* Override any GCC internal prototype to avoid an error.
|    Use char because int might match the return type of a GCC
|    builtin and then its argument prototype would still apply.  */
| char CU_run_test ();
| int
| main (void)
| {
| return CU_run_test ();
|   ;
|   return 0;
| }
configure:11173: result: no
configure:11191: checking for clock_gettime
configure:11191: gcc -o conftest -g -O2   conftest.c  >&5
configure:11191: $? = 0
configure:11191: result: yes
configure:11197: checking for gettimeofday
configure:11197: gcc -o conftest -g -O2   conftest.c  >&5
configure:11197: $? = 0
configure:11197: result: yes
configure:11203: checking for memmove
configure:11203: gcc -o conftest -g -O2   conftest.c  >&5
conftest.c:54:6: warning: conflicting types for built-in function 'memmove'; expected 'void *(void *, const void *, long unsigned int)' [-Wbuiltin-declaration-mismatch]
   54 | char memmove ();
      |      ^~~~~~~
conftest.c:46:1: note: 'memmove' is declared in header '<string.h>'
   45 | #include <limits.h>
   46 | #undef memmove
configure:11203: $? = 0
configure:11203: result: yes
configure:11209: checking for memset
configure:11209: gcc -o conftest -g -O2   conftest.c  >&5
conftest.c:55:6: warning: conflicting types for built-in function 'memset'; expected 'void *(void *, int,  long unsigned int)' [-Wbuiltin-declaration-mismatch]
   55 | char memset ();
      |      ^~~~~~
conftest.c:47:1: note: 'memset' is declared in header '<string.h>'
   46 | #include <limits.h>
   47 | #undef memset
configure:11209: $? = 0
configure:11209: result: yes
configure:11215: checking for select
configure:11215: gcc -o conftest -g -O2   conftest.c  >&5
configure:11215: $? = 0
configure:11215: result: yes
configure:11221: checking for strdup
configure:11221: gcc -o conftest -g -O2   conftest.c  >&5
conftest.c:57:6: warning: conflicting types for built-in function 'strdup'; expected 'char *(const char *)' [-Wbuiltin-declaration-mismatch]
   57 | char strdup ();
      |      ^~~~~~
configure:11221: $? = 0
configure:11221: result: yes
configure:11227: checking for nanosleep
configure:11227: gcc -o conftest -g -O2   conftest.c  >&5
configure:11227: $? = 0
configure:11227: result: yes
configure:11235: checking whether png_get_io_ptr is declared
configure:11235: gcc -c -g -O2   conftest.c >&5
configure:11235: $? = 0
configure:11235: result: yes
configure:11244: checking whether cairo_format_stride_for_width is declared
configure:11244: gcc -c -g -O2   conftest.c >&5
configure:11244: $? = 0
configure:11244: result: yes
configure:11253: checking whether poll is declared
configure:11253: gcc -c -g -O2   conftest.c >&5
configure:11253: $? = 0
configure:11253: result: yes
configure:11262: checking whether strlcpy is declared
configure:11262: gcc -c -g -O2   conftest.c >&5
conftest.c: In function 'main':
conftest.c:55:10: error: 'strlcpy' undeclared (first use in this function); did you mean 'strncpy'?
   55 |   (void) strlcpy;
      |          ^~~~~~~
      |          strncpy
conftest.c:55:10: note: each undeclared identifier is reported only once for each function it appears in
configure:11262: $? = 1
configure: failed program was:
| /* confdefs.h */
| #define PACKAGE_NAME "guacamole-server"
| #define PACKAGE_TARNAME "guacamole-server"
| #define PACKAGE_VERSION "1.4.0"
| #define PACKAGE_STRING "guacamole-server 1.4.0"
| #define PACKAGE_BUGREPORT ""
| #define PACKAGE_URL ""
| #define PACKAGE "guacamole-server"
| #define VERSION "1.4.0"
| #define HAVE_STDIO_H 1
| #define HAVE_STDLIB_H 1
| #define HAVE_STRING_H 1
| #define HAVE_INTTYPES_H 1
| #define HAVE_STDINT_H 1
| #define HAVE_STRINGS_H 1
| #define HAVE_SYS_STAT_H 1
| #define HAVE_SYS_TYPES_H 1
| #define HAVE_UNISTD_H 1
| #define STDC_HEADERS 1
| #define HAVE_DLFCN_H 1
| #define LT_OBJDIR ".libs/"
| #define HAVE_FCNTL_H 1
| #define HAVE_STDLIB_H 1
| #define HAVE_STRING_H 1
| #define HAVE_SYS_SOCKET_H 1
| #define HAVE_TIME_H 1
| #define HAVE_SYS_TIME_H 1
| #define HAVE_SYSLOG_H 1
| #define HAVE_UNISTD_H 1
| #define HAVE_CAIRO_CAIRO_H 1
| #define _XOPEN_SOURCE 700
| #define __BSD_VISIBLE 1
| #define HAVE_LIBPTHREAD /**/
| #define HAVE_LIBUUID /**/
| #define HAVE_CLOCK_GETTIME 1
| #define HAVE_GETTIMEOFDAY 1
| #define HAVE_MEMMOVE 1
| #define HAVE_MEMSET 1
| #define HAVE_SELECT 1
| #define HAVE_STRDUP 1
| #define HAVE_NANOSLEEP 1
| #define HAVE_PNG_GET_IO_PTR /**/
| #define HAVE_CAIRO_FORMAT_STRIDE_FOR_WIDTH /**/
| #define HAVE_POLL /**/
| /* end confdefs.h.  */
| #include <string.h>
| 
| int
| main (void)
| {
| #ifndef strlcpy
| #ifdef __cplusplus
|   (void) strlcpy;
| #else
|   (void) strlcpy;
| #endif
| #endif
| 
|   ;
|   return 0;
| }
configure:11262: result: no
configure:11271: checking whether strlcat is declared
configure:11271: gcc -c -g -O2   conftest.c >&5
conftest.c: In function 'main':
conftest.c:55:10: error: 'strlcat' undeclared (first use in this function); did you mean 'strncat'?
   55 |   (void) strlcat;
      |          ^~~~~~~
      |          strncat
conftest.c:55:10: note: each undeclared identifier is reported only once for each function it appears in
configure:11271: $? = 1
configure: failed program was:
| /* confdefs.h */
| #define PACKAGE_NAME "guacamole-server"
| #define PACKAGE_TARNAME "guacamole-server"
| #define PACKAGE_VERSION "1.4.0"
| #define PACKAGE_STRING "guacamole-server 1.4.0"
| #define PACKAGE_BUGREPORT ""
| #define PACKAGE_URL ""
| #define PACKAGE "guacamole-server"
| #define VERSION "1.4.0"
| #define HAVE_STDIO_H 1
| #define HAVE_STDLIB_H 1
| #define HAVE_STRING_H 1
| #define HAVE_INTTYPES_H 1
| #define HAVE_STDINT_H 1
| #define HAVE_STRINGS_H 1
| #define HAVE_SYS_STAT_H 1
| #define HAVE_SYS_TYPES_H 1
| #define HAVE_UNISTD_H 1
| #define STDC_HEADERS 1
| #define HAVE_DLFCN_H 1
| #define LT_OBJDIR ".libs/"
| #define HAVE_FCNTL_H 1
| #define HAVE_STDLIB_H 1
| #define HAVE_STRING_H 1
| #define HAVE_SYS_SOCKET_H 1
| #define HAVE_TIME_H 1
| #define HAVE_SYS_TIME_H 1
| #define HAVE_SYSLOG_H 1
| #define HAVE_UNISTD_H 1
| #define HAVE_CAIRO_CAIRO_H 1
| #define _XOPEN_SOURCE 700
| #define __BSD_VISIBLE 1
| #define HAVE_LIBPTHREAD /**/
| #define HAVE_LIBUUID /**/
| #define HAVE_CLOCK_GETTIME 1
| #define HAVE_GETTIMEOFDAY 1
| #define HAVE_MEMMOVE 1
| #define HAVE_MEMSET 1
| #define HAVE_SELECT 1
| #define HAVE_STRDUP 1
| #define HAVE_NANOSLEEP 1
| #define HAVE_PNG_GET_IO_PTR /**/
| #define HAVE_CAIRO_FORMAT_STRIDE_FOR_WIDTH /**/
| #define HAVE_POLL /**/
| /* end confdefs.h.  */
| #include <string.h>
| 
| int
| main (void)
| {
| #ifndef strlcat
| #ifdef __cplusplus
|   (void) strlcat;
| #else
|   (void) strlcat;
| #endif
| #endif
| 
|   ;
|   return 0;
| }
configure:11271: result: no
configure:11281: checking for size_t
configure:11281: gcc -c -g -O2  conftest.c >&5
configure:11281: $? = 0
configure:11281: gcc -c -g -O2  conftest.c >&5
conftest.c: In function 'main':
conftest.c:77:21: error: expected expression before ')' token
   77 | if (sizeof ((size_t)))
      |                     ^
configure:11281: $? = 1
configure: failed program was:
| /* confdefs.h */
| #define PACKAGE_NAME "guacamole-server"
| #define PACKAGE_TARNAME "guacamole-server"
| #define PACKAGE_VERSION "1.4.0"
| #define PACKAGE_STRING "guacamole-server 1.4.0"
| #define PACKAGE_BUGREPORT ""
| #define PACKAGE_URL ""
| #define PACKAGE "guacamole-server"
| #define VERSION "1.4.0"
| #define HAVE_STDIO_H 1
| #define HAVE_STDLIB_H 1
| #define HAVE_STRING_H 1
| #define HAVE_INTTYPES_H 1
| #define HAVE_STDINT_H 1
| #define HAVE_STRINGS_H 1
| #define HAVE_SYS_STAT_H 1
| #define HAVE_SYS_TYPES_H 1
| #define HAVE_UNISTD_H 1
| #define STDC_HEADERS 1
| #define HAVE_DLFCN_H 1
| #define LT_OBJDIR ".libs/"
| #define HAVE_FCNTL_H 1
| #define HAVE_STDLIB_H 1
| #define HAVE_STRING_H 1
| #define HAVE_SYS_SOCKET_H 1
| #define HAVE_TIME_H 1
| #define HAVE_SYS_TIME_H 1
| #define HAVE_SYSLOG_H 1
| #define HAVE_UNISTD_H 1
| #define HAVE_CAIRO_CAIRO_H 1
| #define _XOPEN_SOURCE 700
| #define __BSD_VISIBLE 1
| #define HAVE_LIBPTHREAD /**/
| #define HAVE_LIBUUID /**/
| #define HAVE_CLOCK_GETTIME 1
| #define HAVE_GETTIMEOFDAY 1
| #define HAVE_MEMMOVE 1
| #define HAVE_MEMSET 1
| #define HAVE_SELECT 1
| #define HAVE_STRDUP 1
| #define HAVE_NANOSLEEP 1
| #define HAVE_PNG_GET_IO_PTR /**/
| #define HAVE_CAIRO_FORMAT_STRIDE_FOR_WIDTH /**/
| #define HAVE_POLL /**/
| /* end confdefs.h.  */
| #include <stddef.h>
| #ifdef HAVE_STDIO_H
| # include <stdio.h>
| #endif
| #ifdef HAVE_STDLIB_H
| # include <stdlib.h>
| #endif
| #ifdef HAVE_STRING_H
| # include <string.h>
| #endif
| #ifdef HAVE_INTTYPES_H
| # include <inttypes.h>
| #endif
| #ifdef HAVE_STDINT_H
| # include <stdint.h>
| #endif
| #ifdef HAVE_STRINGS_H
| # include <strings.h>
| #endif
| #ifdef HAVE_SYS_TYPES_H
| # include <sys/types.h>
| #endif
| #ifdef HAVE_SYS_STAT_H
| # include <sys/stat.h>
| #endif
| #ifdef HAVE_UNISTD_H
| # include <unistd.h>
| #endif
| int
| main (void)
| {
| if (sizeof ((size_t)))
| 	    return 0;
|   ;
|   return 0;
| }
configure:11281: result: yes
configure:11291: checking for ssize_t
configure:11291: gcc -c -g -O2  conftest.c >&5
configure:11291: $? = 0
configure:11291: gcc -c -g -O2  conftest.c >&5
conftest.c: In function 'main':
conftest.c:77:22: error: expected expression before ')' token
   77 | if (sizeof ((ssize_t)))
      |                      ^
configure:11291: $? = 1
configure: failed program was:
| /* confdefs.h */
| #define PACKAGE_NAME "guacamole-server"
| #define PACKAGE_TARNAME "guacamole-server"
| #define PACKAGE_VERSION "1.4.0"
| #define PACKAGE_STRING "guacamole-server 1.4.0"
| #define PACKAGE_BUGREPORT ""
| #define PACKAGE_URL ""
| #define PACKAGE "guacamole-server"
| #define VERSION "1.4.0"
| #define HAVE_STDIO_H 1
| #define HAVE_STDLIB_H 1
| #define HAVE_STRING_H 1
| #define HAVE_INTTYPES_H 1
| #define HAVE_STDINT_H 1
| #define HAVE_STRINGS_H 1
| #define HAVE_SYS_STAT_H 1
| #define HAVE_SYS_TYPES_H 1
| #define HAVE_UNISTD_H 1
| #define STDC_HEADERS 1
| #define HAVE_DLFCN_H 1
| #define LT_OBJDIR ".libs/"
| #define HAVE_FCNTL_H 1
| #define HAVE_STDLIB_H 1
| #define HAVE_STRING_H 1
| #define HAVE_SYS_SOCKET_H 1
| #define HAVE_TIME_H 1
| #define HAVE_SYS_TIME_H 1
| #define HAVE_SYSLOG_H 1
| #define HAVE_UNISTD_H 1
| #define HAVE_CAIRO_CAIRO_H 1
| #define _XOPEN_SOURCE 700
| #define __BSD_VISIBLE 1
| #define HAVE_LIBPTHREAD /**/
| #define HAVE_LIBUUID /**/
| #define HAVE_CLOCK_GETTIME 1
| #define HAVE_GETTIMEOFDAY 1
| #define HAVE_MEMMOVE 1
| #define HAVE_MEMSET 1
| #define HAVE_SELECT 1
| #define HAVE_STRDUP 1
| #define HAVE_NANOSLEEP 1
| #define HAVE_PNG_GET_IO_PTR /**/
| #define HAVE_CAIRO_FORMAT_STRIDE_FOR_WIDTH /**/
| #define HAVE_POLL /**/
| /* end confdefs.h.  */
| #include <stddef.h>
| #ifdef HAVE_STDIO_H
| # include <stdio.h>
| #endif
| #ifdef HAVE_STDLIB_H
| # include <stdlib.h>
| #endif
| #ifdef HAVE_STRING_H
| # include <string.h>
| #endif
| #ifdef HAVE_INTTYPES_H
| # include <inttypes.h>
| #endif
| #ifdef HAVE_STDINT_H
| # include <stdint.h>
| #endif
| #ifdef HAVE_STRINGS_H
| # include <strings.h>
| #endif
| #ifdef HAVE_SYS_TYPES_H
| # include <sys/types.h>
| #endif
| #ifdef HAVE_SYS_STAT_H
| # include <sys/stat.h>
| #endif
| #ifdef HAVE_UNISTD_H
| # include <unistd.h>
| #endif
| int
| main (void)
| {
| if (sizeof ((ssize_t)))
| 	    return 0;
|   ;
|   return 0;
| }
configure:11291: result: yes
configure:11471: checking for pkg-config
configure:11494: found /usr/bin/pkg-config
configure:11506: result: /usr/bin/pkg-config
configure:11531: checking pkg-config is at least version 0.9.0
configure:11534: result: yes
configure:11544: checking for libavcodec
configure:11551: $PKG_CONFIG --exists --print-errors "libavcodec"
configure:11554: $? = 0
configure:11568: $PKG_CONFIG --exists --print-errors "libavcodec"
configure:11571: $? = 0
configure:11609: result: yes
configure:11642: checking for libavformat
configure:11649: $PKG_CONFIG --exists --print-errors "libavformat"
configure:11652: $? = 0
configure:11666: $PKG_CONFIG --exists --print-errors "libavformat"
configure:11669: $? = 0
configure:11707: result: yes
configure:11742: checking for libavutil
configure:11749: $PKG_CONFIG --exists --print-errors "libavutil"
configure:11752: $? = 0
configure:11766: $PKG_CONFIG --exists --print-errors "libavutil"
configure:11769: $? = 0
configure:11807: result: yes
configure:11842: checking for libswscale
configure:11849: $PKG_CONFIG --exists --print-errors "libswscale"
configure:11852: $? = 0
configure:11866: $PKG_CONFIG --exists --print-errors "libswscale"
configure:11869: $? = 0
configure:11907: result: yes
configure:11942: checking for openssl/ssl.h
configure:11942: gcc -c -g -O2  conftest.c >&5
configure:11942: $? = 0
configure:11942: result: yes
configure:11950: checking for SSL_CTX_new in -lssl
configure:11973: gcc -o conftest -g -O2   conftest.c -lssl   >&5
configure:11973: $? = 0
configure:11983: result: yes
configure:12011: checking whether DSA_SIG_get0 is declared
configure:12011: gcc -c -g -O2   conftest.c >&5
configure:12011: $? = 0
configure:12011: result: yes
configure:12021: checking whether DSA_get0_pqg is declared
configure:12021: gcc -c -g -O2   conftest.c >&5
configure:12021: $? = 0
configure:12021: result: yes
configure:12031: checking whether DSA_get0_key is declared
configure:12031: gcc -c -g -O2   conftest.c >&5
configure:12031: $? = 0
configure:12031: result: yes
configure:12041: checking whether RSA_get0_key is declared
configure:12041: gcc -c -g -O2   conftest.c >&5
configure:12041: $? = 0
configure:12041: result: yes
configure:12051: checking whether libssl requires threading callbacks
configure:12069: gcc -c -g -O2  conftest.c >&5
configure:12069: $? = 0
configure:12071: result: no
configure:12114: checking for main in -lwsock32
configure:12134: gcc -o conftest -g -O2   conftest.c -lwsock32   >&5
/usr/bin/ld: cannot find -lwsock32
collect2: error: ld returned 1 exit status
configure:12134: $? = 1
configure: failed program was:
| /* confdefs.h */
| #define PACKAGE_NAME "guacamole-server"
| #define PACKAGE_TARNAME "guacamole-server"
| #define PACKAGE_VERSION "1.4.0"
| #define PACKAGE_STRING "guacamole-server 1.4.0"
| #define PACKAGE_BUGREPORT ""
| #define PACKAGE_URL ""
| #define PACKAGE "guacamole-server"
| #define VERSION "1.4.0"
| #define HAVE_STDIO_H 1
| #define HAVE_STDLIB_H 1
| #define HAVE_STRING_H 1
| #define HAVE_INTTYPES_H 1
| #define HAVE_STDINT_H 1
| #define HAVE_STRINGS_H 1
| #define HAVE_SYS_STAT_H 1
| #define HAVE_SYS_TYPES_H 1
| #define HAVE_UNISTD_H 1
| #define STDC_HEADERS 1
| #define HAVE_DLFCN_H 1
| #define LT_OBJDIR ".libs/"
| #define HAVE_FCNTL_H 1
| #define HAVE_STDLIB_H 1
| #define HAVE_STRING_H 1
| #define HAVE_SYS_SOCKET_H 1
| #define HAVE_TIME_H 1
| #define HAVE_SYS_TIME_H 1
| #define HAVE_SYSLOG_H 1
| #define HAVE_UNISTD_H 1
| #define HAVE_CAIRO_CAIRO_H 1
| #define _XOPEN_SOURCE 700
| #define __BSD_VISIBLE 1
| #define HAVE_LIBPTHREAD /**/
| #define HAVE_LIBUUID /**/
| #define HAVE_CLOCK_GETTIME 1
| #define HAVE_GETTIMEOFDAY 1
| #define HAVE_MEMMOVE 1
| #define HAVE_MEMSET 1
| #define HAVE_SELECT 1
| #define HAVE_STRDUP 1
| #define HAVE_NANOSLEEP 1
| #define HAVE_PNG_GET_IO_PTR /**/
| #define HAVE_CAIRO_FORMAT_STRIDE_FOR_WIDTH /**/
| #define HAVE_POLL /**/
| #define GUACD_CONF_FILE "/etc/guacamole/guacd.conf"
| #define ENABLE_SSL /**/
| #define HAVE_DSA_SIG_GET0 /**/
| #define HAVE_DSA_GET0_PQG /**/
| #define HAVE_DSA_GET0_KEY /**/
| #define HAVE_RSA_GET0_KEY /**/
| /* end confdefs.h.  */
| 
| 
| int
| main (void)
| {
| return main ();
|   ;
|   return 0;
| }
configure:12144: result: no
configure:12188: checking for vorbis/vorbisenc.h
configure:12188: gcc -c -g -O2  conftest.c >&5
configure:12188: $? = 0
configure:12188: result: yes
configure:12196: checking for ogg_stream_init in -logg
configure:12219: gcc -o conftest -g -O2   conftest.c -logg   >&5
configure:12219: $? = 0
configure:12229: result: yes
configure:12238: checking for vorbis_block_init in -lvorbis
configure:12261: gcc -o conftest -g -O2   conftest.c -lvorbis   >&5
configure:12261: $? = 0
configure:12271: result: yes
configure:12280: checking for vorbis_encode_init in -lvorbisenc
configure:12303: gcc -o conftest -g -O2   conftest.c -lvorbisenc   >&5
configure:12303: $? = 0
configure:12313: result: yes
configure:12372: checking for pa_context_new in -lpulse
configure:12395: gcc -o conftest -g -O2   conftest.c -lpulse   >&5
configure:12395: $? = 0
configure:12405: result: yes
configure:12464: checking for pango
configure:12471: $PKG_CONFIG --exists --print-errors "pango"
configure:12474: $? = 0
configure:12488: $PKG_CONFIG --exists --print-errors "pango"
configure:12491: $? = 0
configure:12529: result: yes
configure:12535: checking for pangocairo
configure:12542: $PKG_CONFIG --exists --print-errors "pangocairo"
configure:12545: $? = 0
configure:12559: $PKG_CONFIG --exists --print-errors "pangocairo"
configure:12562: $? = 0
configure:12600: result: yes
configure:12658: checking for rfbInitClient in -lvncclient
configure:12681: gcc -o conftest -g -O2   conftest.c -lvncclient   >&5
configure:12681: $? = 0
configure:12691: result: yes
configure:12710: checking whether LIBVNCSERVER_WITH_CLIENT_GCRYPT is declared
configure:12710: gcc -c -g -O2   conftest.c >&5
configure:12710: $? = 0
configure:12710: result: yes
configure:12714: checking for gcrypt.h
configure:12714: gcc -c -g -O2  conftest.c >&5
configure:12714: $? = 0
configure:12714: result: yes
configure:12756: checking for rfbClient.destHost
configure:12756: gcc -c -g -O2  conftest.c >&5
configure:12756: $? = 0
configure:12756: result: yes
configure:12767: checking for rfbClient.destPort
configure:12767: gcc -c -g -O2  conftest.c >&5
configure:12767: $? = 0
configure:12767: result: yes
configure:12808: checking whether listenForIncomingConnectionsNoFork is declared
configure:12808: gcc -c -g -O2   conftest.c >&5
configure:12808: $? = 0
configure:12808: result: yes
configure:12845: checking for rfbClient.LockWriteToTLS
configure:12845: gcc -c -g -O2  conftest.c >&5
configure:12845: $? = 0
configure:12845: result: yes
configure:12856: checking for rfbClient.UnlockWriteToTLS
configure:12856: gcc -c -g -O2  conftest.c >&5
configure:12856: $? = 0
configure:12856: result: yes
configure:12900: checking for rfbClient.GetCredential
configure:12900: gcc -c -g -O2  conftest.c >&5
configure:12900: $? = 0
configure:12900: result: yes
configure:12969: checking for freerdp2 freerdp-client2 winpr2
configure:12976: $PKG_CONFIG --exists --print-errors "freerdp2 freerdp-client2 winpr2"
configure:12979: $? = 0
configure:12993: $PKG_CONFIG --exists --print-errors "freerdp2 freerdp-client2 winpr2"
configure:12996: $? = 0
configure:13054: result: yes
configure:13070: checking whether FreeRDPConvertColor is declared
configure:13070: gcc -c -g -O2  -I/usr/include/freerdp2/ -I/usr/include/winpr2 -Werror  conftest.c >&5
configure:13070: $? = 0
configure:13070: result: yes
configure:13096: checking whether FreeRDP appears to be a development version
configure:13103: checking how to run the C preprocessor
configure:13129: gcc -E -I/usr/include/freerdp2/ -I/usr/include/winpr2 -Werror  conftest.c
configure:13129: $? = 0
configure:13144: gcc -E -I/usr/include/freerdp2/ -I/usr/include/winpr2 -Werror  conftest.c
conftest.c:64:10: fatal error: ac_nonexistent.h: No such file or directory
   64 | #include <ac_nonexistent.h>
      |          ^~~~~~~~~~~~~~~~~~
compilation terminated.
configure:13144: $? = 1
configure: failed program was:
| /* confdefs.h */
| #define PACKAGE_NAME "guacamole-server"
| #define PACKAGE_TARNAME "guacamole-server"
| #define PACKAGE_VERSION "1.4.0"
| #define PACKAGE_STRING "guacamole-server 1.4.0"
| #define PACKAGE_BUGREPORT ""
| #define PACKAGE_URL ""
| #define PACKAGE "guacamole-server"
| #define VERSION "1.4.0"
| #define HAVE_STDIO_H 1
| #define HAVE_STDLIB_H 1
| #define HAVE_STRING_H 1
| #define HAVE_INTTYPES_H 1
| #define HAVE_STDINT_H 1
| #define HAVE_STRINGS_H 1
| #define HAVE_SYS_STAT_H 1
| #define HAVE_SYS_TYPES_H 1
| #define HAVE_UNISTD_H 1
| #define STDC_HEADERS 1
| #define HAVE_DLFCN_H 1
| #define LT_OBJDIR ".libs/"
| #define HAVE_FCNTL_H 1
| #define HAVE_STDLIB_H 1
| #define HAVE_STRING_H 1
| #define HAVE_SYS_SOCKET_H 1
| #define HAVE_TIME_H 1
| #define HAVE_SYS_TIME_H 1
| #define HAVE_SYSLOG_H 1
| #define HAVE_UNISTD_H 1
| #define HAVE_CAIRO_CAIRO_H 1
| #define _XOPEN_SOURCE 700
| #define __BSD_VISIBLE 1
| #define HAVE_LIBPTHREAD /**/
| #define HAVE_LIBUUID /**/
| #define HAVE_CLOCK_GETTIME 1
| #define HAVE_GETTIMEOFDAY 1
| #define HAVE_MEMMOVE 1
| #define HAVE_MEMSET 1
| #define HAVE_SELECT 1
| #define HAVE_STRDUP 1
| #define HAVE_NANOSLEEP 1
| #define HAVE_PNG_GET_IO_PTR /**/
| #define HAVE_CAIRO_FORMAT_STRIDE_FOR_WIDTH /**/
| #define HAVE_POLL /**/
| #define GUACD_CONF_FILE "/etc/guacamole/guacd.conf"
| #define ENABLE_SSL /**/
| #define HAVE_DSA_SIG_GET0 /**/
| #define HAVE_DSA_GET0_PQG /**/
| #define HAVE_DSA_GET0_KEY /**/
| #define HAVE_RSA_GET0_KEY /**/
| #define ENABLE_OGG /**/
| #define ENABLE_PULSE /**/
| #define HAVE_RFBCLIENT_DESTHOST 1
| #define HAVE_RFBCLIENT_DESTPORT 1
| #define ENABLE_VNC_REPEATER /**/
| #define ENABLE_VNC_LISTEN /**/
| #define HAVE_RFBCLIENT_LOCKWRITETOTLS 1
| #define HAVE_RFBCLIENT_UNLOCKWRITETOTLS 1
| #define ENABLE_VNC_TLS_LOCKING /**/
| #define HAVE_RFBCLIENT_GETCREDENTIAL 1
| #define ENABLE_VNC_GENERIC_CREDENTIALS /**/
| #define HAVE_FREERDPCONVERTCOLOR /**/
| /* end confdefs.h.  */
| #include <ac_nonexistent.h>
configure:13171: result: gcc -E
configure:13185: gcc -E -I/usr/include/freerdp2/ -I/usr/include/winpr2 -Werror  conftest.c
configure:13185: $? = 0
configure:13200: gcc -E -I/usr/include/freerdp2/ -I/usr/include/winpr2 -Werror  conftest.c
conftest.c:64:10: fatal error: ac_nonexistent.h: No such file or directory
   64 | #include <ac_nonexistent.h>
      |          ^~~~~~~~~~~~~~~~~~
compilation terminated.
configure:13200: $? = 1
configure: failed program was:
| /* confdefs.h */
| #define PACKAGE_NAME "guacamole-server"
| #define PACKAGE_TARNAME "guacamole-server"
| #define PACKAGE_VERSION "1.4.0"
| #define PACKAGE_STRING "guacamole-server 1.4.0"
| #define PACKAGE_BUGREPORT ""
| #define PACKAGE_URL ""
| #define PACKAGE "guacamole-server"
| #define VERSION "1.4.0"
| #define HAVE_STDIO_H 1
| #define HAVE_STDLIB_H 1
| #define HAVE_STRING_H 1
| #define HAVE_INTTYPES_H 1
| #define HAVE_STDINT_H 1
| #define HAVE_STRINGS_H 1
| #define HAVE_SYS_STAT_H 1
| #define HAVE_SYS_TYPES_H 1
| #define HAVE_UNISTD_H 1
| #define STDC_HEADERS 1
| #define HAVE_DLFCN_H 1
| #define LT_OBJDIR ".libs/"
| #define HAVE_FCNTL_H 1
| #define HAVE_STDLIB_H 1
| #define HAVE_STRING_H 1
| #define HAVE_SYS_SOCKET_H 1
| #define HAVE_TIME_H 1
| #define HAVE_SYS_TIME_H 1
| #define HAVE_SYSLOG_H 1
| #define HAVE_UNISTD_H 1
| #define HAVE_CAIRO_CAIRO_H 1
| #define _XOPEN_SOURCE 700
| #define __BSD_VISIBLE 1
| #define HAVE_LIBPTHREAD /**/
| #define HAVE_LIBUUID /**/
| #define HAVE_CLOCK_GETTIME 1
| #define HAVE_GETTIMEOFDAY 1
| #define HAVE_MEMMOVE 1
| #define HAVE_MEMSET 1
| #define HAVE_SELECT 1
| #define HAVE_STRDUP 1
| #define HAVE_NANOSLEEP 1
| #define HAVE_PNG_GET_IO_PTR /**/
| #define HAVE_CAIRO_FORMAT_STRIDE_FOR_WIDTH /**/
| #define HAVE_POLL /**/
| #define GUACD_CONF_FILE "/etc/guacamole/guacd.conf"
| #define ENABLE_SSL /**/
| #define HAVE_DSA_SIG_GET0 /**/
| #define HAVE_DSA_GET0_PQG /**/
| #define HAVE_DSA_GET0_KEY /**/
| #define HAVE_RSA_GET0_KEY /**/
| #define ENABLE_OGG /**/
| #define ENABLE_PULSE /**/
| #define HAVE_RFBCLIENT_DESTHOST 1
| #define HAVE_RFBCLIENT_DESTPORT 1
| #define ENABLE_VNC_REPEATER /**/
| #define ENABLE_VNC_LISTEN /**/
| #define HAVE_RFBCLIENT_LOCKWRITETOTLS 1
| #define HAVE_RFBCLIENT_UNLOCKWRITETOTLS 1
| #define ENABLE_VNC_TLS_LOCKING /**/
| #define HAVE_RFBCLIENT_GETCREDENTIAL 1
| #define ENABLE_VNC_GENERIC_CREDENTIALS /**/
| #define HAVE_FREERDPCONVERTCOLOR /**/
| /* end confdefs.h.  */
| #include <ac_nonexistent.h>
configure:13243: result: no
configure:13276: checking whether Bitmap_Free() frees the rdpBitmap and its image data
configure:13296: result: no
configure:13312: checking whether pVirtualChannelWriteEx() frees the wStream upon completion
configure:13332: result: no
configure:13347: checking whether rdpGlyph callbacks accept INT32 integer parameters
configure:13371: gcc -c -g -O2 -I/usr/include/freerdp2/ -I/usr/include/winpr2 -Werror  conftest.c >&5
configure:13371: $? = 0
configure:13373: result: yes
configure:13391: checking whether CLIPRDR callbacks require const for their final parameter
configure:13413: gcc -c -g -O2 -I/usr/include/freerdp2/ -I/usr/include/winpr2 -Werror  conftest.c >&5
configure:13413: $? = 0
configure:13415: result: yes
configure:13433: checking whether RAIL callbacks require const for their final parameter
configure:13455: gcc -c -g -O2 -I/usr/include/freerdp2/ -I/usr/include/winpr2 -Werror  conftest.c >&5
configure:13455: $? = 0
configure:13457: result: yes
configure:13473: checking for rdpSettings.AllowUnanouncedOrdersFromServer
configure:13473: gcc -c -g -O2 -I/usr/include/freerdp2/ -I/usr/include/winpr2 -Werror  conftest.c >&5
configure:13473: $? = 0
configure:13473: result: yes
configure:13506: checking for freerdp.VerifyCertificateEx
configure:13506: gcc -c -g -O2 -I/usr/include/freerdp2/ -I/usr/include/winpr2 -Werror  conftest.c >&5
configure:13506: $? = 0
configure:13506: result: yes
configure:13558: checking for libssh2_session_init_ex in -lssh2
configure:13581: gcc -o conftest -g -O2   conftest.c -lssh2   >&5
configure:13581: $? = 0
configure:13591: result: yes
configure:13638: checking for gcry_control in -lssh2
configure:13661: gcc -o conftest -g -O2   conftest.c -lssh2   >&5
/usr/bin/ld: /tmp/ccp4nIkh.o: in function `main':
/home/iggy/guacamole/guacamole-server-1.4.0/conftest.c:78: undefined reference to `gcry_control'
collect2: error: ld returned 1 exit status
configure:13661: $? = 1
configure: failed program was:
| /* confdefs.h */
| #define PACKAGE_NAME "guacamole-server"
| #define PACKAGE_TARNAME "guacamole-server"
| #define PACKAGE_VERSION "1.4.0"
| #define PACKAGE_STRING "guacamole-server 1.4.0"
| #define PACKAGE_BUGREPORT ""
| #define PACKAGE_URL ""
| #define PACKAGE "guacamole-server"
| #define VERSION "1.4.0"
| #define HAVE_STDIO_H 1
| #define HAVE_STDLIB_H 1
| #define HAVE_STRING_H 1
| #define HAVE_INTTYPES_H 1
| #define HAVE_STDINT_H 1
| #define HAVE_STRINGS_H 1
| #define HAVE_SYS_STAT_H 1
| #define HAVE_SYS_TYPES_H 1
| #define HAVE_UNISTD_H 1
| #define STDC_HEADERS 1
| #define HAVE_DLFCN_H 1
| #define LT_OBJDIR ".libs/"
| #define HAVE_FCNTL_H 1
| #define HAVE_STDLIB_H 1
| #define HAVE_STRING_H 1
| #define HAVE_SYS_SOCKET_H 1
| #define HAVE_TIME_H 1
| #define HAVE_SYS_TIME_H 1
| #define HAVE_SYSLOG_H 1
| #define HAVE_UNISTD_H 1
| #define HAVE_CAIRO_CAIRO_H 1
| #define _XOPEN_SOURCE 700
| #define __BSD_VISIBLE 1
| #define HAVE_LIBPTHREAD /**/
| #define HAVE_LIBUUID /**/
| #define HAVE_CLOCK_GETTIME 1
| #define HAVE_GETTIMEOFDAY 1
| #define HAVE_MEMMOVE 1
| #define HAVE_MEMSET 1
| #define HAVE_SELECT 1
| #define HAVE_STRDUP 1
| #define HAVE_NANOSLEEP 1
| #define HAVE_PNG_GET_IO_PTR /**/
| #define HAVE_CAIRO_FORMAT_STRIDE_FOR_WIDTH /**/
| #define HAVE_POLL /**/
| #define GUACD_CONF_FILE "/etc/guacamole/guacd.conf"
| #define ENABLE_SSL /**/
| #define HAVE_DSA_SIG_GET0 /**/
| #define HAVE_DSA_GET0_PQG /**/
| #define HAVE_DSA_GET0_KEY /**/
| #define HAVE_RSA_GET0_KEY /**/
| #define ENABLE_OGG /**/
| #define ENABLE_PULSE /**/
| #define HAVE_RFBCLIENT_DESTHOST 1
| #define HAVE_RFBCLIENT_DESTPORT 1
| #define ENABLE_VNC_REPEATER /**/
| #define ENABLE_VNC_LISTEN /**/
| #define HAVE_RFBCLIENT_LOCKWRITETOTLS 1
| #define HAVE_RFBCLIENT_UNLOCKWRITETOTLS 1
| #define ENABLE_VNC_TLS_LOCKING /**/
| #define HAVE_RFBCLIENT_GETCREDENTIAL 1
| #define ENABLE_VNC_GENERIC_CREDENTIALS /**/
| #define HAVE_FREERDPCONVERTCOLOR /**/
| #define FREERDP_GLYPH_CALLBACKS_ACCEPT_INT32 /**/
| #define FREERDP_CLIPRDR_CALLBACKS_REQUIRE_CONST /**/
| #define FREERDP_RAIL_CALLBACKS_REQUIRE_CONST /**/
| #define HAVE_RDPSETTINGS_ALLOWUNANOUNCEDORDERSFROMSERVER 1
| #define HAVE_FREERDP_VERIFYCERTIFICATEEX 1
| #define ENABLE_COMMON_SSH /**/
| /* end confdefs.h.  */
| 
| /* Override any GCC internal prototype to avoid an error.
|    Use char because int might match the return type of a GCC
|    builtin and then its argument prototype would still apply.  */
| char gcry_control ();
| int
| main (void)
| {
| return gcry_control ();
|   ;
|   return 0;
| }
configure:13671: result: no
configure:13759: checking for telnet_init in -ltelnet
configure:13782: gcc -o conftest -g -O2   conftest.c -ltelnet   >&5
configure:13782: $? = 0
configure:13792: result: yes
configure:13835: checking for webp/encode.h
configure:13835: gcc -c -g -O2  conftest.c >&5
configure:13835: $? = 0
configure:13835: result: yes
configure:13843: checking for WebPEncode in -lwebp
configure:13866: gcc -o conftest -g -O2   conftest.c -lwebp   >&5
configure:13866: $? = 0
configure:13876: result: yes
configure:13934: checking for lws_create_context in -lwebsockets
configure:13957: gcc -o conftest -g -O2   conftest.c -lwebsockets   >&5
configure:13957: $? = 0
configure:13967: result: yes
configure:13994: checking whether LWS_CALLBACK_CLIENT_CLOSED is declared
configure:13994: gcc -c -g -O2   conftest.c >&5
configure:13994: $? = 0
configure:13994: result: yes
configure:14006: checking whether LWS_SERVER_OPTION_DO_SSL_GLOBAL_INIT is declared
configure:14006: gcc -c -g -O2   conftest.c >&5
configure:14006: $? = 0
configure:14006: result: yes
configure:14017: checking whether LCCSCF_USE_SSL is declared
configure:14017: gcc -c -g -O2   conftest.c >&5
configure:14017: $? = 0
configure:14017: result: yes
configure:14029: checking whether lws_callback_http_dummy is declared
configure:14029: gcc -c -g -O2   conftest.c >&5
configure:14029: $? = 0
configure:14029: result: yes
configure:14253: checking that generated files are newer than configure
configure:14259: result: done
configure:14378: creating ./config.status

## ---------------------- ##
## Running config.status. ##
## ---------------------- ##

This file was extended by guacamole-server config.status 1.4.0, which was
generated by GNU Autoconf 2.71.  Invocation command line was

  CONFIG_FILES    = 
  CONFIG_HEADERS  = 
  CONFIG_LINKS    = 
  CONFIG_COMMANDS = 
  $ ./config.status 

on thompson

config.status:1250: creating Makefile
config.status:1250: creating doc/Doxyfile
config.status:1250: creating src/common/Makefile
config.status:1250: creating src/common/tests/Makefile
config.status:1250: creating src/common-ssh/Makefile
config.status:1250: creating src/common-ssh/tests/Makefile
config.status:1250: creating src/terminal/Makefile
config.status:1250: creating src/libguac/Makefile
config.status:1250: creating src/libguac/tests/Makefile
config.status:1250: creating src/guacd/Makefile
config.status:1250: creating src/guacd/man/guacd.8
config.status:1250: creating src/guacd/man/guacd.conf.5
config.status:1250: creating src/guacenc/Makefile
config.status:1250: creating src/guacenc/man/guacenc.1
config.status:1250: creating src/guaclog/Makefile
config.status:1250: creating src/guaclog/man/guaclog.1
config.status:1250: creating src/pulse/Makefile
config.status:1250: creating src/protocols/kubernetes/Makefile
config.status:1250: creating src/protocols/kubernetes/tests/Makefile
config.status:1250: creating src/protocols/rdp/Makefile
config.status:1250: creating src/protocols/rdp/tests/Makefile
config.status:1250: creating src/protocols/ssh/Makefile
config.status:1250: creating src/protocols/telnet/Makefile
config.status:1250: creating src/protocols/vnc/Makefile
config.status:1250: creating config.h
config.status:1431: config.h is unchanged
config.status:1479: executing depfiles commands
config.status:1556: cd src/common       && sed -e '/# am--include-marker/d' Makefile         | make -f - am--depfiles
make: Nothing to be done for 'am--depfiles'.
config.status:1561: $? = 0
config.status:1556: cd src/common/tests       && sed -e '/# am--include-marker/d' Makefile         | make -f - am--depfiles
make: Nothing to be done for 'am--depfiles'.
config.status:1561: $? = 0
config.status:1556: cd src/common-ssh       && sed -e '/# am--include-marker/d' Makefile         | make -f - am--depfiles
make: Nothing to be done for 'am--depfiles'.
config.status:1561: $? = 0
config.status:1556: cd src/common-ssh/tests       && sed -e '/# am--include-marker/d' Makefile         | make -f - am--depfiles
make: Nothing to be done for 'am--depfiles'.
config.status:1561: $? = 0
config.status:1556: cd src/terminal       && sed -e '/# am--include-marker/d' Makefile         | make -f - am--depfiles
make: Nothing to be done for 'am--depfiles'.
config.status:1561: $? = 0
config.status:1556: cd src/libguac       && sed -e '/# am--include-marker/d' Makefile         | make -f - am--depfiles
make: Nothing to be done for 'am--depfiles'.
config.status:1561: $? = 0
config.status:1556: cd src/libguac/tests       && sed -e '/# am--include-marker/d' Makefile         | make -f - am--depfiles
make: Nothing to be done for 'am--depfiles'.
config.status:1561: $? = 0
config.status:1556: cd src/guacd       && sed -e '/# am--include-marker/d' Makefile         | make -f - am--depfiles
make: Nothing to be done for 'am--depfiles'.
config.status:1561: $? = 0
config.status:1556: cd src/guacenc       && sed -e '/# am--include-marker/d' Makefile         | make -f - am--depfiles
make: Nothing to be done for 'am--depfiles'.
config.status:1561: $? = 0
config.status:1556: cd src/guaclog       && sed -e '/# am--include-marker/d' Makefile         | make -f - am--depfiles
make: Nothing to be done for 'am--depfiles'.
config.status:1561: $? = 0
config.status:1556: cd src/pulse       && sed -e '/# am--include-marker/d' Makefile         | make -f - am--depfiles
make: Nothing to be done for 'am--depfiles'.
config.status:1561: $? = 0
config.status:1556: cd src/protocols/kubernetes       && sed -e '/# am--include-marker/d' Makefile         | make -f - am--depfiles
make: Nothing to be done for 'am--depfiles'.
config.status:1561: $? = 0
config.status:1556: cd src/protocols/kubernetes/tests       && sed -e '/# am--include-marker/d' Makefile         | make -f - am--depfiles
make: Nothing to be done for 'am--depfiles'.
config.status:1561: $? = 0
config.status:1556: cd src/protocols/rdp       && sed -e '/# am--include-marker/d' Makefile         | make -f - am--depfiles
make: Nothing to be done for 'am--depfiles'.
config.status:1561: $? = 0
config.status:1556: cd src/protocols/rdp/tests       && sed -e '/# am--include-marker/d' Makefile         | make -f - am--depfiles
make: Nothing to be done for 'am--depfiles'.
config.status:1561: $? = 0
config.status:1556: cd src/protocols/ssh       && sed -e '/# am--include-marker/d' Makefile         | make -f - am--depfiles
make: Nothing to be done for 'am--depfiles'.
config.status:1561: $? = 0
config.status:1556: cd src/protocols/telnet       && sed -e '/# am--include-marker/d' Makefile         | make -f - am--depfiles
make: Nothing to be done for 'am--depfiles'.
config.status:1561: $? = 0
config.status:1556: cd src/protocols/vnc       && sed -e '/# am--include-marker/d' Makefile         | make -f - am--depfiles
make: Nothing to be done for 'am--depfiles'.
config.status:1561: $? = 0
config.status:1479: executing libtool commands

## ---------------- ##
## Cache variables. ##
## ---------------- ##

ac_cv_build=aarch64-unknown-linux-gnu
ac_cv_c_compiler_gnu=yes
ac_cv_c_undeclared_builtin_options='none needed'
ac_cv_env_AVCODEC_CFLAGS_set=
ac_cv_env_AVCODEC_CFLAGS_value=
ac_cv_env_AVCODEC_LIBS_set=
ac_cv_env_AVCODEC_LIBS_value=
ac_cv_env_AVFORMAT_CFLAGS_set=
ac_cv_env_AVFORMAT_CFLAGS_value=
ac_cv_env_AVFORMAT_LIBS_set=
ac_cv_env_AVFORMAT_LIBS_value=
ac_cv_env_AVUTIL_CFLAGS_set=
ac_cv_env_AVUTIL_CFLAGS_value=
ac_cv_env_AVUTIL_LIBS_set=
ac_cv_env_AVUTIL_LIBS_value=
ac_cv_env_CC_set=
ac_cv_env_CC_value=
ac_cv_env_CFLAGS_set=
ac_cv_env_CFLAGS_value=
ac_cv_env_CPPFLAGS_set=
ac_cv_env_CPPFLAGS_value=
ac_cv_env_CPP_set=
ac_cv_env_CPP_value=
ac_cv_env_LDFLAGS_set=
ac_cv_env_LDFLAGS_value=
ac_cv_env_LIBS_set=
ac_cv_env_LIBS_value=
ac_cv_env_LT_SYS_LIBRARY_PATH_set=
ac_cv_env_LT_SYS_LIBRARY_PATH_value=
ac_cv_env_PANGOCAIRO_CFLAGS_set=
ac_cv_env_PANGOCAIRO_CFLAGS_value=
ac_cv_env_PANGOCAIRO_LIBS_set=
ac_cv_env_PANGOCAIRO_LIBS_value=
ac_cv_env_PANGO_CFLAGS_set=
ac_cv_env_PANGO_CFLAGS_value=
ac_cv_env_PANGO_LIBS_set=
ac_cv_env_PANGO_LIBS_value=
ac_cv_env_PKG_CONFIG_LIBDIR_set=
ac_cv_env_PKG_CONFIG_LIBDIR_value=
ac_cv_env_PKG_CONFIG_PATH_set=
ac_cv_env_PKG_CONFIG_PATH_value=
ac_cv_env_PKG_CONFIG_set=
ac_cv_env_PKG_CONFIG_value=
ac_cv_env_RDP_CFLAGS_set=
ac_cv_env_RDP_CFLAGS_value=
ac_cv_env_RDP_LIBS_set=
ac_cv_env_RDP_LIBS_value=
ac_cv_env_SWSCALE_CFLAGS_set=
ac_cv_env_SWSCALE_CFLAGS_value=
ac_cv_env_SWSCALE_LIBS_set=
ac_cv_env_SWSCALE_LIBS_value=
ac_cv_env_build_alias_set=
ac_cv_env_build_alias_value=
ac_cv_env_host_alias_set=
ac_cv_env_host_alias_value=
ac_cv_env_target_alias_set=
ac_cv_env_target_alias_value=
ac_cv_func_clock_gettime=yes
ac_cv_func_dlopen=no
ac_cv_func_gettimeofday=yes
ac_cv_func_memmove=yes
ac_cv_func_memset=yes
ac_cv_func_nanosleep=yes
ac_cv_func_select=yes
ac_cv_func_shl_load=no
ac_cv_func_strdup=yes
ac_cv_have_decl_DSA_SIG_get0=yes
ac_cv_have_decl_DSA_get0_key=yes
ac_cv_have_decl_DSA_get0_pqg=yes
ac_cv_have_decl_FreeRDPConvertColor=yes
ac_cv_have_decl_LCCSCF_USE_SSL=yes
ac_cv_have_decl_LIBVNCSERVER_WITH_CLIENT_GCRYPT=yes
ac_cv_have_decl_LWS_CALLBACK_CLIENT_CLOSED=yes
ac_cv_have_decl_LWS_SERVER_OPTION_DO_SSL_GLOBAL_INIT=yes
ac_cv_have_decl_RSA_get0_key=yes
ac_cv_have_decl_cairo_format_stride_for_width=yes
ac_cv_have_decl_listenForIncomingConnectionsNoFork=yes
ac_cv_have_decl_lws_callback_http_dummy=yes
ac_cv_have_decl_png_get_io_ptr=yes
ac_cv_have_decl_poll=yes
ac_cv_have_decl_strlcat=no
ac_cv_have_decl_strlcpy=no
ac_cv_header_cairo_cairo_h=yes
ac_cv_header_dlfcn_h=yes
ac_cv_header_fcntl_h=yes
ac_cv_header_gcrypt_h=yes
ac_cv_header_inttypes_h=yes
ac_cv_header_openssl_ssl_h=yes
ac_cv_header_pngstruct_h=no
ac_cv_header_stdint_h=yes
ac_cv_header_stdio_h=yes
ac_cv_header_stdlib_h=yes
ac_cv_header_string_h=yes
ac_cv_header_strings_h=yes
ac_cv_header_sys_socket_h=yes
ac_cv_header_sys_stat_h=yes
ac_cv_header_sys_time_h=yes
ac_cv_header_sys_types_h=yes
ac_cv_header_syslog_h=yes
ac_cv_header_time_h=yes
ac_cv_header_unistd_h=yes
ac_cv_header_vorbis_vorbisenc_h=yes
ac_cv_header_webp_encode_h=yes
ac_cv_host=aarch64-unknown-linux-gnu
ac_cv_lib_cairo_cairo_create=yes
ac_cv_lib_cunit_CU_run_test=no
ac_cv_lib_dl_dlopen=yes
ac_cv_lib_dld_shl_load=no
ac_cv_lib_jpeg_jpeg_start_compress=yes
ac_cv_lib_m_cos=yes
ac_cv_lib_ogg_ogg_stream_init=yes
ac_cv_lib_png_png_write_png=yes
ac_cv_lib_pthread_pthread_create=yes
ac_cv_lib_pulse_pa_context_new=yes
ac_cv_lib_ssh2_gcry_control=no
ac_cv_lib_ssh2_libssh2_session_init_ex=yes
ac_cv_lib_ssl_SSL_CTX_new=yes
ac_cv_lib_telnet_telnet_init=yes
ac_cv_lib_uuid_uuid_generate=yes
ac_cv_lib_vncclient_rfbInitClient=yes
ac_cv_lib_vorbis_vorbis_block_init=yes
ac_cv_lib_vorbisenc_vorbis_encode_init=yes
ac_cv_lib_webp_WebPEncode=yes
ac_cv_lib_websockets_lws_create_context=yes
ac_cv_lib_wsock32_main=no
ac_cv_member_freerdp_VerifyCertificateEx=yes
ac_cv_member_rdpSettings_AllowUnanouncedOrdersFromServer=yes
ac_cv_member_rfbClient_GetCredential=yes
ac_cv_member_rfbClient_LockWriteToTLS=yes
ac_cv_member_rfbClient_UnlockWriteToTLS=yes
ac_cv_member_rfbClient_destHost=yes
ac_cv_member_rfbClient_destPort=yes
ac_cv_objext=o
ac_cv_path_EGREP='/usr/bin/grep -E'
ac_cv_path_FGREP='/usr/bin/grep -F'
ac_cv_path_GREP=/usr/bin/grep
ac_cv_path_SED=/usr/bin/sed
ac_cv_path_ac_pt_PKG_CONFIG=/usr/bin/pkg-config
ac_cv_path_install='/usr/bin/install -c'
ac_cv_path_lt_DD=/usr/bin/dd
ac_cv_path_mkdir=/usr/bin/mkdir
ac_cv_prog_AWK=mawk
ac_cv_prog_CPP='gcc -E'
ac_cv_prog_ac_ct_AR=ar
ac_cv_prog_ac_ct_CC=gcc
ac_cv_prog_ac_ct_MANIFEST_TOOL=mt
ac_cv_prog_ac_ct_OBJDUMP=objdump
ac_cv_prog_ac_ct_RANLIB=ranlib
ac_cv_prog_ac_ct_STRIP=strip
ac_cv_prog_cc_c11=
ac_cv_prog_cc_g=yes
ac_cv_prog_cc_stdc=
ac_cv_prog_make_make_set=yes
ac_cv_type_size_t=yes
ac_cv_type_ssize_t=yes
am_cv_CC_dependencies_compiler_type=gcc3
am_cv_make_support_nested_variables=yes
am_cv_prog_cc_c_o=yes
lt_cv_ar_at_file=@
lt_cv_archive_cmds_need_lc=no
lt_cv_deplibs_check_method=pass_all
lt_cv_dlopen=dlopen
lt_cv_dlopen_libs=-ldl
lt_cv_dlopen_self=yes
lt_cv_dlopen_self_static=no
lt_cv_file_magic_cmd='$MAGIC_CMD'
lt_cv_file_magic_test_file=
lt_cv_ld_reload_flag=-r
lt_cv_nm_interface='BSD nm'
lt_cv_objdir=.libs
lt_cv_path_LD=/usr/bin/ld
lt_cv_path_NM='/usr/bin/nm -B'
lt_cv_path_mainfest_tool=no
lt_cv_prog_compiler_c_o=yes
lt_cv_prog_compiler_pic='-fPIC -DPIC'
lt_cv_prog_compiler_pic_works=yes
lt_cv_prog_compiler_rtti_exceptions=no
lt_cv_prog_compiler_static_works=yes
lt_cv_prog_gnu_ld=yes
lt_cv_sharedlib_from_linklib_cmd='printf %s\n'
lt_cv_shlibpath_overrides_runpath=yes
lt_cv_sys_global_symbol_pipe='sed -n -e '\''s/^.*[	 ]\([ABCDGIRSTW][ABCDGIRSTW]*\)[	 ][	 ]*\([_A-Za-z][_A-Za-z0-9]*\)$/\1 \2 \2/p'\'' | sed '\''/ __gnu_lto/d'\'''
lt_cv_sys_global_symbol_to_c_name_address='sed -n -e '\''s/^: \(.*\) .*$/  {"\1", (void *) 0},/p'\'' -e '\''s/^[ABCDGIRSTW][ABCDGIRSTW]* .* \(.*\)$/  {"\1", (void *) \&\1},/p'\'''
lt_cv_sys_global_symbol_to_c_name_address_lib_prefix='sed -n -e '\''s/^: \(.*\) .*$/  {"\1", (void *) 0},/p'\'' -e '\''s/^[ABCDGIRSTW][ABCDGIRSTW]* .* \(lib.*\)$/  {"\1", (void *) \&\1},/p'\'' -e '\''s/^[ABCDGIRSTW][ABCDGIRSTW]* .* \(.*\)$/  {"lib\1", (void *) \&\1},/p'\'''
lt_cv_sys_global_symbol_to_cdecl='sed -n -e '\''s/^T .* \(.*\)$/extern int \1();/p'\'' -e '\''s/^[ABCDGIRSTW][ABCDGIRSTW]* .* \(.*\)$/extern char \1;/p'\'''
lt_cv_sys_global_symbol_to_import=
lt_cv_sys_max_cmd_len=1572864
lt_cv_to_host_file_cmd=func_convert_file_noop
lt_cv_to_tool_file_cmd=func_convert_file_noop
lt_cv_truncate_bin='/usr/bin/dd bs=4096 count=1'
pkg_cv_AVCODEC_CFLAGS=-I/usr/include/aarch64-linux-gnu
pkg_cv_AVCODEC_LIBS=-lavcodec
pkg_cv_AVFORMAT_CFLAGS=-I/usr/include/aarch64-linux-gnu
pkg_cv_AVFORMAT_LIBS=-lavformat
pkg_cv_AVUTIL_CFLAGS=-I/usr/include/aarch64-linux-gnu
pkg_cv_AVUTIL_LIBS=-lavutil
pkg_cv_PANGOCAIRO_CFLAGS='-I/usr/include/pango-1.0 -I/usr/include/fribidi -I/usr/include/harfbuzz -I/usr/include/cairo -I/usr/include/glib-2.0 -I/usr/lib/aarch64-linux-gnu/glib-2.0/include -I/usr/include/pixman-1 -I/usr/include/uuid -I/usr/include/freetype2 -I/usr/include/libpng16'
pkg_cv_PANGOCAIRO_LIBS='-lpangocairo-1.0 -lpango-1.0 -lgobject-2.0 -lglib-2.0 -lharfbuzz -lcairo'
pkg_cv_PANGO_CFLAGS='-I/usr/include/pango-1.0 -I/usr/include/fribidi -I/usr/include/cairo -I/usr/include/pixman-1 -I/usr/include/uuid -I/usr/include/freetype2 -I/usr/include/libpng16 -I/usr/include/harfbuzz -I/usr/include/glib-2.0 -I/usr/lib/aarch64-linux-gnu/glib-2.0/include'
pkg_cv_PANGO_LIBS='-lpango-1.0 -lgobject-2.0 -lglib-2.0 -lharfbuzz'
pkg_cv_RDP_CFLAGS='-I/usr/include/freerdp2/ -I/usr/include/winpr2'
pkg_cv_RDP_LIBS='-lfreerdp2 -lfreerdp-client2 -lwinpr2'
pkg_cv_SWSCALE_CFLAGS=-I/usr/include/aarch64-linux-gnu
pkg_cv_SWSCALE_LIBS=-lswscale

## ----------------- ##
## Output variables. ##
## ----------------- ##

ACLOCAL='${SHELL} '\''/home/iggy/guacamole/guacamole-server-1.4.0/build-aux/missing'\'' aclocal-1.16'
AMDEPBACKSLASH='\'
AMDEP_FALSE='#'
AMDEP_TRUE=''
AMTAR='$${TAR-tar}'
AM_BACKSLASH='\'
AM_DEFAULT_V='$(AM_DEFAULT_VERBOSITY)'
AM_DEFAULT_VERBOSITY='0'
AM_V='$(V)'
AR='ar'
AUTOCONF='${SHELL} '\''/home/iggy/guacamole/guacamole-server-1.4.0/build-aux/missing'\'' autoconf'
AUTOHEADER='${SHELL} '\''/home/iggy/guacamole/guacamole-server-1.4.0/build-aux/missing'\'' autoheader'
AUTOMAKE='${SHELL} '\''/home/iggy/guacamole/guacamole-server-1.4.0/build-aux/missing'\'' automake-1.16'
AVCODEC_CFLAGS='-I/usr/include/aarch64-linux-gnu'
AVCODEC_LIBS='-lavcodec'
AVFORMAT_CFLAGS='-I/usr/include/aarch64-linux-gnu'
AVFORMAT_LIBS='-lavformat'
AVUTIL_CFLAGS='-I/usr/include/aarch64-linux-gnu'
AVUTIL_LIBS='-lavutil'
AWK='mawk'
CAIRO_LIBS='-lcairo'
CC='gcc'
CCDEPMODE='depmode=gcc3'
CFLAGS='-g -O2'
COMMON_INCLUDE='-I$(top_srcdir)/src/common'
COMMON_LTLIB='$(top_builddir)/src/common/libguac_common.la'
COMMON_SSH_INCLUDE='-I$(top_srcdir)/src/common-ssh'
COMMON_SSH_LTLIB='$(top_builddir)/src/common-ssh/libguac_common_ssh.la'
CPP='gcc -E'
CPPFLAGS=''
CSCOPE='cscope'
CTAGS='ctags'
CUNIT_LIBS=''
CYGPATH_W='echo'
DEFS='-DHAVE_CONFIG_H'
DEPDIR='.deps'
DLLTOOL='false'
DL_LIBS='-ldl'
DSYMUTIL=''
DUMPBIN=''
ECHO_C=''
ECHO_N='-n'
ECHO_T=''
EGREP='/usr/bin/grep -E'
ENABLE_AVCODEC_FALSE='#'
ENABLE_AVCODEC_TRUE=''
ENABLE_AVFORMAT_FALSE='#'
ENABLE_AVFORMAT_TRUE=''
ENABLE_AVUTIL_FALSE='#'
ENABLE_AVUTIL_TRUE=''
ENABLE_COMMON_SSH_FALSE='#'
ENABLE_COMMON_SSH_TRUE=''
ENABLE_GUACD_FALSE='#'
ENABLE_GUACD_TRUE=''
ENABLE_GUACENC_FALSE='#'
ENABLE_GUACENC_TRUE=''
ENABLE_GUACLOG_FALSE='#'
ENABLE_GUACLOG_TRUE=''
ENABLE_INIT_FALSE='#'
ENABLE_INIT_TRUE=''
ENABLE_KUBERNETES_FALSE='#'
ENABLE_KUBERNETES_TRUE=''
ENABLE_OGG_FALSE='#'
ENABLE_OGG_TRUE=''
ENABLE_PULSE_FALSE='#'
ENABLE_PULSE_TRUE=''
ENABLE_RDP_FALSE='#'
ENABLE_RDP_TRUE=''
ENABLE_SSH_AGENT_FALSE=''
ENABLE_SSH_AGENT_TRUE='#'
ENABLE_SSH_FALSE='#'
ENABLE_SSH_TRUE=''
ENABLE_SSL_FALSE='#'
ENABLE_SSL_TRUE=''
ENABLE_SWSCALE_FALSE='#'
ENABLE_SWSCALE_TRUE=''
ENABLE_SYSTEMD_FALSE=''
ENABLE_SYSTEMD_TRUE='#'
ENABLE_TELNET_FALSE='#'
ENABLE_TELNET_TRUE=''
ENABLE_TERMINAL_FALSE='#'
ENABLE_TERMINAL_TRUE=''
ENABLE_VNC_FALSE='#'
ENABLE_VNC_TRUE=''
ENABLE_WEBP_FALSE='#'
ENABLE_WEBP_TRUE=''
ENABLE_WEBSOCKETS_FALSE='#'
ENABLE_WEBSOCKETS_TRUE=''
ENABLE_WINSOCK_FALSE=''
ENABLE_WINSOCK_TRUE='#'
ETAGS='etags'
EXEEXT=''
FGREP='/usr/bin/grep -F'
FREERDP2_PLUGIN_DIR='/usr/lib/aarch64-linux-gnu/freerdp2'
GREP='/usr/bin/grep'
INSTALL_DATA='${INSTALL} -m 644'
INSTALL_PROGRAM='${INSTALL}'
INSTALL_SCRIPT='${INSTALL}'
INSTALL_STRIP_PROGRAM='$(install_sh) -c -s'
JPEG_LIBS='-ljpeg'
LD='/usr/bin/ld'
LDFLAGS=''
LIBGUAC_CLIENT_KUBERNETES_INCLUDE='-I$(top_srcdir)/src/protocols/kubernetes'
LIBGUAC_CLIENT_KUBERNETES_LTLIB='$(top_builddir)/src/protocols/kubernetes/libguac-client-kubernetes.la'
LIBGUAC_CLIENT_RDP_INCLUDE='-I$(top_srcdir)/src/protocols/rdp'
LIBGUAC_CLIENT_RDP_LTLIB='$(top_builddir)/src/protocols/rdp/libguac-client-rdp.la'
LIBGUAC_INCLUDE='-I$(top_srcdir)/src/libguac'
LIBGUAC_LTLIB='$(top_builddir)/src/libguac/libguac.la'
LIBOBJS=''
LIBS=''
LIBTOOL='$(SHELL) $(top_builddir)/libtool'
LIPO=''
LN_S='ln -s'
LTLIBOBJS=''
LT_SYS_LIBRARY_PATH=''
MAKEINFO='${SHELL} '\''/home/iggy/guacamole/guacamole-server-1.4.0/build-aux/missing'\'' makeinfo'
MANIFEST_TOOL=':'
MATH_LIBS='-lm'
MKDIR_P='/usr/bin/mkdir -p'
NM='/usr/bin/nm -B'
NMEDIT=''
OBJDUMP='objdump'
OBJEXT='o'
OTOOL64=''
OTOOL=''
PACKAGE='guacamole-server'
PACKAGE_BUGREPORT=''
PACKAGE_NAME='guacamole-server'
PACKAGE_STRING='guacamole-server 1.4.0'
PACKAGE_TARNAME='guacamole-server'
PACKAGE_URL=''
PACKAGE_VERSION='1.4.0'
PANGOCAIRO_CFLAGS='-I/usr/include/pango-1.0 -I/usr/include/fribidi -I/usr/include/harfbuzz -I/usr/include/cairo -I/usr/include/glib-2.0 -I/usr/lib/aarch64-linux-gnu/glib-2.0/include -I/usr/include/pixman-1 -I/usr/include/uuid -I/usr/include/freetype2 -I/usr/include/libpng16'
PANGOCAIRO_LIBS='-lpangocairo-1.0 -lpango-1.0 -lgobject-2.0 -lglib-2.0 -lharfbuzz -lcairo'
PANGO_CFLAGS='-I/usr/include/pango-1.0 -I/usr/include/fribidi -I/usr/include/cairo -I/usr/include/pixman-1 -I/usr/include/uuid -I/usr/include/freetype2 -I/usr/include/libpng16 -I/usr/include/harfbuzz -I/usr/include/glib-2.0 -I/usr/lib/aarch64-linux-gnu/glib-2.0/include'
PANGO_LIBS='-lpango-1.0 -lgobject-2.0 -lglib-2.0 -lharfbuzz'
PATH_SEPARATOR=':'
PKG_CONFIG='/usr/bin/pkg-config'
PKG_CONFIG_LIBDIR=''
PKG_CONFIG_PATH=''
PNG_LIBS='-lpng'
PTHREAD_LIBS='-lpthread'
PULSE_INCLUDE='-I$(top_srcdir)/src/pulse'
PULSE_LIBS=' -lpulse'
PULSE_LTLIB='$(top_builddir)/src/pulse/libguac_pulse.la'
RANLIB='ranlib'
RDP_CFLAGS='-I/usr/include/freerdp2/ -I/usr/include/winpr2'
RDP_LIBS='-lfreerdp2 -lfreerdp-client2 -lwinpr2'
SED='/usr/bin/sed'
SET_MAKE=''
SHELL='/bin/bash'
SSH_LIBS=' -lssh2'
SSL_LIBS=' -lssl -lcrypto'
STRIP='strip'
SWSCALE_CFLAGS='-I/usr/include/aarch64-linux-gnu'
SWSCALE_LIBS='-lswscale'
TELNET_LIBS=' -ltelnet'
TERMINAL_INCLUDE='-I$(top_srcdir)/src/terminal $(PANGO_CFLAGS) $(PANGOCAIRO_CFLAGS) $(COMMON_INCLUDE)'
TERMINAL_LTLIB='$(top_builddir)/src/terminal/libguac_terminal.la'
UUID_LIBS='-luuid'
VERSION='1.4.0'
VNC_LIBS=' -lvncclient'
VORBIS_LIBS=' -logg -lvorbis -lvorbisenc'
WEBP_LIBS=' -lwebp'
WEBSOCKETS_LIBS=' -lwebsockets'
WINSOCK_LIBS=''
ac_ct_AR='ar'
ac_ct_CC='gcc'
ac_ct_DUMPBIN=''
am__EXEEXT_FALSE=''
am__EXEEXT_TRUE='#'
am__fastdepCC_FALSE='#'
am__fastdepCC_TRUE=''
am__include='include'
am__isrc=''
am__leading_dot='.'
am__nodep='_no'
am__quote=''
am__tar='$${TAR-tar} chof - "$$tardir"'
am__untar='$${TAR-tar} xf -'
bindir='${exec_prefix}/bin'
build='aarch64-unknown-linux-gnu'
build_alias=''
build_cpu='aarch64'
build_os='linux-gnu'
build_vendor='unknown'
datadir='${datarootdir}'
datarootdir='${prefix}/share'
docdir='${datarootdir}/doc/${PACKAGE_TARNAME}'
dvidir='${docdir}'
exec_prefix='${prefix}'
host='aarch64-unknown-linux-gnu'
host_alias=''
host_cpu='aarch64'
host_os='linux-gnu'
host_vendor='unknown'
htmldir='${docdir}'
includedir='${prefix}/include'
infodir='${datarootdir}/info'
init_dir='/etc/init.d'
install_sh='${SHELL} /home/iggy/guacamole/guacamole-server-1.4.0/build-aux/install-sh'
libdir='${exec_prefix}/lib'
libexecdir='${exec_prefix}/libexec'
localedir='${datarootdir}/locale'
localstatedir='${prefix}/var'
mandir='${datarootdir}/man'
mkdir_p='$(MKDIR_P)'
oldincludedir='/usr/include'
pdfdir='${docdir}'
prefix='/usr/local'
program_transform_name='s,x,x,'
psdir='${docdir}'
runstatedir='${localstatedir}/run'
sbindir='${exec_prefix}/sbin'
sharedstatedir='${prefix}/com'
sysconfdir='${prefix}/etc'
systemd_dir=''
target_alias=''

## ----------- ##
## confdefs.h. ##
## ----------- ##

/* confdefs.h */
#define PACKAGE_NAME "guacamole-server"
#define PACKAGE_TARNAME "guacamole-server"
#define PACKAGE_VERSION "1.4.0"
#define PACKAGE_STRING "guacamole-server 1.4.0"
#define PACKAGE_BUGREPORT ""
#define PACKAGE_URL ""
#define PACKAGE "guacamole-server"
#define VERSION "1.4.0"
#define HAVE_STDIO_H 1
#define HAVE_STDLIB_H 1
#define HAVE_STRING_H 1
#define HAVE_INTTYPES_H 1
#define HAVE_STDINT_H 1
#define HAVE_STRINGS_H 1
#define HAVE_SYS_STAT_H 1
#define HAVE_SYS_TYPES_H 1
#define HAVE_UNISTD_H 1
#define STDC_HEADERS 1
#define HAVE_DLFCN_H 1
#define LT_OBJDIR ".libs/"
#define HAVE_FCNTL_H 1
#define HAVE_STDLIB_H 1
#define HAVE_STRING_H 1
#define HAVE_SYS_SOCKET_H 1
#define HAVE_TIME_H 1
#define HAVE_SYS_TIME_H 1
#define HAVE_SYSLOG_H 1
#define HAVE_UNISTD_H 1
#define HAVE_CAIRO_CAIRO_H 1
#define _XOPEN_SOURCE 700
#define __BSD_VISIBLE 1
#define HAVE_LIBPTHREAD /**/
#define HAVE_LIBUUID /**/
#define HAVE_CLOCK_GETTIME 1
#define HAVE_GETTIMEOFDAY 1
#define HAVE_MEMMOVE 1
#define HAVE_MEMSET 1
#define HAVE_SELECT 1
#define HAVE_STRDUP 1
#define HAVE_NANOSLEEP 1
#define HAVE_PNG_GET_IO_PTR /**/
#define HAVE_CAIRO_FORMAT_STRIDE_FOR_WIDTH /**/
#define HAVE_POLL /**/
#define GUACD_CONF_FILE "/etc/guacamole/guacd.conf"
#define ENABLE_SSL /**/
#define HAVE_DSA_SIG_GET0 /**/
#define HAVE_DSA_GET0_PQG /**/
#define HAVE_DSA_GET0_KEY /**/
#define HAVE_RSA_GET0_KEY /**/
#define ENABLE_OGG /**/
#define ENABLE_PULSE /**/
#define HAVE_RFBCLIENT_DESTHOST 1
#define HAVE_RFBCLIENT_DESTPORT 1
#define ENABLE_VNC_REPEATER /**/
#define ENABLE_VNC_LISTEN /**/
#define HAVE_RFBCLIENT_LOCKWRITETOTLS 1
#define HAVE_RFBCLIENT_UNLOCKWRITETOTLS 1
#define ENABLE_VNC_TLS_LOCKING /**/
#define HAVE_RFBCLIENT_GETCREDENTIAL 1
#define ENABLE_VNC_GENERIC_CREDENTIALS /**/
#define HAVE_FREERDPCONVERTCOLOR /**/
#define FREERDP_GLYPH_CALLBACKS_ACCEPT_INT32 /**/
#define FREERDP_CLIPRDR_CALLBACKS_REQUIRE_CONST /**/
#define FREERDP_RAIL_CALLBACKS_REQUIRE_CONST /**/
#define HAVE_RDPSETTINGS_ALLOWUNANOUNCEDORDERSFROMSERVER 1
#define HAVE_FREERDP_VERIFYCERTIFICATEEX 1
#define ENABLE_COMMON_SSH /**/
#define ENABLE_WEBP /**/
#define HAVE_LWS_CALLBACK_CLIENT_CLOSED /**/
#define HAVE_LWS_SERVER_OPTION_DO_SSL_GLOBAL_INIT /**/
#define HAVE_LCCSCF_USE_SSL /**/
#define HAVE_LWS_CALLBACK_HTTP_DUMMY /**/

configure: exit 0
